Unknown:
E:\Nadia\Trafo Chebyshev 1 Section\1section\Result\Hex.gap
E:\Nadia\Trafo Chebyshev 1 Section\1section\Result\MCalc-Facets-1xN.log
E:\Nadia\Trafo Chebyshev 1 Section\1section\Result\MCalc-Facets-PP.log
E:\Nadia\Trafo Chebyshev 1 Section\1section\Result\MCalc.ddi
E:\Nadia\Trafo Chebyshev 1 Section\1section\Result\MCalc.log
E:\Nadia\Trafo Chebyshev 1 Section\1section\Result\Model.axg
E:\Nadia\Trafo Chebyshev 1 Section\1section\Result\Model.coco
E:\Nadia\Trafo Chebyshev 1 Section\1section\Result\Model.ddi
E:\Nadia\Trafo Chebyshev 1 Section\1section\Result\Model.elg
E:\Nadia\Trafo Chebyshev 1 Section\1section\Result\Model.log
E:\Nadia\Trafo Chebyshev 1 Section\1section\Result\Model.sa
E:\Nadia\Trafo Chebyshev 1 Section\1section\Result\Model.sam
E:\Nadia\Trafo Chebyshev 1 Section\1section\Result\Model_m1.sam
E:\Nadia\Trafo Chebyshev 1 Section\1section\Result\m^fifx.dsc
E:\Nadia\Trafo Chebyshev 1 Section\1section\Result\m^fqq.dsc
E:\Nadia\Trafo Chebyshev 1 Section\1section\Result\Ports.web
E:\Nadia\Trafo Chebyshev 1 Section\1section\Result\p^a.dsc
E:\Nadia\Trafo Chebyshev 1 Section\1section\Result\P^m^fb.slog
E:\Nadia\Trafo Chebyshev 1 Section\1section\Result\P^m^fbqq.slog
E:\Nadia\Trafo Chebyshev 1 Section\1section\Result\P^m^fqq.slog
E:\Nadia\Trafo Chebyshev 1 Section\1section\Result\P^p^m.slog
E:\Nadia\Trafo Chebyshev 1 Section\1section\Result\P^s^pm.slog
Mesh:
E:\Nadia\Trafo Chebyshev 1 Section\1section\Result\dA.mat
E:\Nadia\Trafo Chebyshev 1 Section\1section\Result\dad.mat
E:\Nadia\Trafo Chebyshev 1 Section\1section\Result\ds.mat
E:\Nadia\Trafo Chebyshev 1 Section\1section\Result\dsd.mat
E:\Nadia\Trafo Chebyshev 1 Section\1section\Result\dsMCalc.mat
E:\Nadia\Trafo Chebyshev 1 Section\1section\Result\Eps.mat
E:\Nadia\Trafo Chebyshev 1 Section\1section\Result\HexMatrix.m2h
E:\Nadia\Trafo Chebyshev 1 Section\1section\Result\HexMatrix_MCalc.m2h
E:\Nadia\Trafo Chebyshev 1 Section\1section\Result\Kappa.mat
E:\Nadia\Trafo Chebyshev 1 Section\1section\Result\MCalc.fmp
E:\Nadia\Trafo Chebyshev 1 Section\1section\Result\MCalc.xcfd
E:\Nadia\Trafo Chebyshev 1 Section\1section\Result\Meta.m2h
E:\Nadia\Trafo Chebyshev 1 Section\1section\Result\Meta.mat
E:\Nadia\Trafo Chebyshev 1 Section\1section\Result\Model.cct
E:\Nadia\Trafo Chebyshev 1 Section\1section\Result\Model.fmf
E:\Nadia\Trafo Chebyshev 1 Section\1section\Result\Model.fmm
E:\Nadia\Trafo Chebyshev 1 Section\1section\Result\Model.fpc
E:\Nadia\Trafo Chebyshev 1 Section\1section\Result\Model.fsi
E:\Nadia\Trafo Chebyshev 1 Section\1section\Result\Model.fwf
E:\Nadia\Trafo Chebyshev 1 Section\1section\Result\Model.mss
E:\Nadia\Trafo Chebyshev 1 Section\1section\Result\Model.sic
E:\Nadia\Trafo Chebyshev 1 Section\1section\Result\Model.spi
E:\Nadia\Trafo Chebyshev 1 Section\1section\Result\Model.xcfd
E:\Nadia\Trafo Chebyshev 1 Section\1section\Result\Model^PEC.fpf
E:\Nadia\Trafo Chebyshev 1 Section\1section\Result\Mue.mat
E:\Nadia\Trafo Chebyshev 1 Section\1section\Result\m^fifx.mem
E:\Nadia\Trafo Chebyshev 1 Section\1section\Result\m^fqq.mem
E:\Nadia\Trafo Chebyshev 1 Section\1section\Result\p1.spi
E:\Nadia\Trafo Chebyshev 1 Section\1section\Result\PEC.mat
E:\Nadia\Trafo Chebyshev 1 Section\1section\Result\Port1.wgi
E:\Nadia\Trafo Chebyshev 1 Section\1section\Result\PP.fsi
E:\Nadia\Trafo Chebyshev 1 Section\1section\Result\p^a.mem
E:\Nadia\Trafo Chebyshev 1 Section\1section\Result\p^m.mem
E:\Nadia\Trafo Chebyshev 1 Section\1section\Result\Rho.mat
E:\Nadia\Trafo Chebyshev 1 Section\1section\Result\S2HMatrix.m2h
E:\Nadia\Trafo Chebyshev 1 Section\1section\Result\Shapes.con
E:\Nadia\Trafo Chebyshev 1 Section\1section\Result\s^pm.mem
Port:
E:\Nadia\Trafo Chebyshev 1 Section\1section\Result\adapt_Port1_e1.prt
E:\Nadia\Trafo Chebyshev 1 Section\1section\Result\adapt_Port1_e1[5.5].prt
E:\Nadia\Trafo Chebyshev 1 Section\1section\Result\adapt_Port1_h1.prt
E:\Nadia\Trafo Chebyshev 1 Section\1section\Result\adapt_Port1_h1[5.5].prt
E:\Nadia\Trafo Chebyshev 1 Section\1section\Result\Model.pmi
E:\Nadia\Trafo Chebyshev 1 Section\1section\Result\Port1_1[5.5].m2d
E:\Nadia\Trafo Chebyshev 1 Section\1section\Result\Port1_drv.m2d
E:\Nadia\Trafo Chebyshev 1 Section\1section\Result\Port1_e1.prt
E:\Nadia\Trafo Chebyshev 1 Section\1section\Result\Port1_e1[5.5].prt
E:\Nadia\Trafo Chebyshev 1 Section\1section\Result\Port1_h1.prt
E:\Nadia\Trafo Chebyshev 1 Section\1section\Result\Port1_h1[5.5].prt
