======================================================
 - pinning rule in use   : PINNING_RULE_MCALC_SKIP_ALL
 - desired group         : 0, sockets = 0
 - num cores available   : 8
 - num accessible procs  : 8
 - num logical procs     : 8
 - affinity (main thread): 1111 1111 
 - sockets               : 0
 - potential cores       : 0,2,4,6
 - affinity              : 1111
 - active cores          : 0,2,4,6
 - hyperthreading        : on
 - allowed socket ids    : 0
 - allowed core ids      : 0,2,4,6
 - used mask (string)    : 1010 1010 
======================================================

========================================================================
Processing CAD model (for field results)
	[Improved internal geometry representation]
	[Accuracy improvement for long shapes in inhomogeneous mesh regions]
Version 2019.1 (build 20181019)
PBA version 2018101919
2019 Dec 17 (Tue): 06:34:48
========================================================================

===========================================
Finished CAD processing (for field results)
===========================================

======================================================
 - pinning rule in use   : PINNING_RULE_MCALC_SKIP_ALL
 - desired group         : 0, sockets = 0
 - num cores available   : 8
 - num accessible procs  : 8
 - num logical procs     : 8
 - affinity (main thread): 1111 1111 
 - sockets               : 0
 - potential cores       : 0,2,4,6
 - affinity              : 1111
 - active cores          : 0,2,4,6
 - hyperthreading        : on
 - allowed socket ids    : 0
 - allowed core ids      : 0,2,4,6
 - used mask (string)    : 1010 1010 
======================================================

========================================================================
Processing CAD model
	[Improved internal geometry representation]
	[Accuracy improvement for long shapes in inhomogeneous mesh regions]
Version 2019.1 (build 20181019)
PBA version 2018101919
2019 Dec 17 (Tue): 06:35:08
========================================================================

----------------------------------------------
Used point accuracy enhancement value: 15.00%.
----------------------------------------------

=============================================================================
Mesh statistics:
-----------------------------------------------------------------------------
Minimum edge length (x): 0.235 @ mesh line 44 (x)
Maximum edge length (x): 1.75 @ mesh line 74 (x)
Minimum face area (x): 0.0577 @ mesh lines 19 | 22 (y | z)
Maximum face area (x): 3.3 @ mesh lines 0 | 33 (y | z)
Minimum edge length (y): 0.252 @ mesh line 19 (y)
Maximum edge length (y): 1.86 @ mesh line 0 (y)
Minimum face area (y): 0.0539 @ mesh lines 22 | 44 (z | x)
Maximum face area (y): 3.11 @ mesh lines 33 | 74 (z | x)
Minimum edge length (z): 0.229 @ mesh line 22 (z)
Maximum edge length (z): 1.78 @ mesh line 33 (z)
Minimum face area (z): 0.0591 @ mesh lines 44 | 19 (x | y)
Maximum face area (z): 3.25 @ mesh lines 74 | 0 (x | y)
Maximum mesh face aspect ratio (x): 8.09 : 1.0  @ mesh lines 0 | 22 (y | z)
Maximum mesh face aspect ratio (y): 7.64 : 1.0  @ mesh lines 22 | 74 (z | x)
Maximum mesh face aspect ratio (z): 7.9 : 1.0  @ mesh lines 44 | 0 (x | y)
=============================================================================

=============================================================================
Available resources to store TST cells: 2147293099 (1126904.03% of mesh size)
=============================================================================

==================================================================================================
== CST Matrix Calculation Priority Log                                                          ==
==================================================================================================
 
Priorities are sorted in ascending order beginning with the lowest priority
 
Priority:   1, shape   5: component1:Substrat-2, material: Rogers RT5880 (lossy), float:   0.00e+00, wire: false, sheet: false, human: false, PEC: false, SI: false, face port:   0, feature ID:      -1
Priority:   1, shape   4: component1:Substrat-1, material: Rogers RT5880 (lossy), float:   0.00e+00, wire: false, sheet: false, human: false, PEC: false, SI: false, face port:   0, feature ID:      -1
Priority:   2, shape   3: component1:Patch, material: Copper (annealed), float:   0.00e+00, wire: false, sheet: false, human: false, PEC:  true, SI:  true, face port:   0, feature ID:      -1
Priority:   2, shape   2: component1:Groundplane, material: Copper (annealed), float:   0.00e+00, wire: false, sheet: false, human: false, PEC:  true, SI:  true, face port:   0, feature ID:      -1
Priority:   2, shape   1: component1:Feed-0, material: Copper (annealed), float:   0.00e+00, wire: false, sheet: false, human: false, PEC:  true, SI:  true, face port:   0, feature ID:      -1
 
==================================================================================================
 
====================================================
PBA version: default
Geo accuracy: 15.000000
PEC background is represented by CAD geometry: false
Watertightness check: true
Self intersection check: false
Inheritance (all): false
Normal dominance (all): false
Normal dominance (ports): false
Flanges hollow: true
One shape per flange: false
====================================================
=======================
Finished CAD processing
=======================

------------------------------------------------------------
Parallelization Info
------------------------------------------------------------
Number of concurrent threads: 2
Number of node domains: 2
Number of mesh fill domains: 8
Memory downscale: 1
CPU load: 50.00%
Emptiness: 0.00%
Hex mesh complexity: 0.18
Geometric complexity: 0.00
------------------------------------------------------------
Node order
0, 1
------------------------------------------------------------

------------------------------------
Mesh: # of points excl. TSTs: 190548
      # of points incl. TSTs: 190548
------------------------------------

1xN000:  <<<<<<<<<<<<<<<<<<<<<<<<
         2019 Dec17 (Tue):          <<<<<<<<<<<<<<<<<<<<<<<<

1xN000:  ======================================================
          - pinning rule in use   : PINNING_RULE_MCALC_SKIP_ALL
          - desired group         : 0, sockets = 0
          - num cores available   : 8
          - num accessible procs  : 8
          - num logical procs     : 8
          - affinity (main thread): 1111 1111
          - sockets               : 0
          - potential cores       : 0,2,4,6
          - affinity              : 1111
          - active cores          : 0,2,4,6
          - hyperthreading        : on
          - allowed socket ids    : 0
          - allowed core ids      : 0,2,4,6
          - used mask (string)    : 1010 1010

         ======================================================

1xN000:  =======================================
         Matrix computation (PBA)
         	[Gaps between metals are preserved]
         	[PBA version: default]
         Version 2019.1 (build 20181019)
         PBA version 2018101919
         2019 Dec 17 (Tue): 06:35:10
         =======================================

1xN000:  ----------------------------------------------
         Used point accuracy enhancement value: 15.00%.
         ----------------------------------------------

1xN000:  Shapes are ordered to support shape wise matrix storage
1xN000:  ==================================================================================================
         == CST Matrix Calculation Priority Log                                                          ==
         ==================================================================================================

         Priorities are sorted in ascending order beginning with the lowest priority

         Priority:   3, shape   4: component1:Substrat-1, material: Rogers RT5880 (lossy)
         Priority:   3, shape   5: component1:Substrat-2, material: Rogers RT5880 (lossy)
         Priority:   4, shape   1: component1:Feed-0, material: Copper (annealed)
         Priority:   4, shape   2: component1:Groundplane, material: Copper (annealed)
         Priority:   4, shape   3: component1:Patch, material: Copper (annealed)

         ==================================================================================================

1xN000:  Gap-Detection activated for FARM-topology. Gaps are resolved, even partially.: gap tolerance value is 0.001 and mesh geometry scale is 0.001
1xN000:  cccccccccccccccccccccccccccccccccccccccccccccccccccccccccccccccccccc
         FARM/Meshfill cache is set to 8 (local FI domains: 8, dynamic: true)
         cccccccccccccccccccccccccccccccccccccccccccccccccccccccccccccccccccc

1xN000:  ssssssssssssssssssssssssssssssssssssssssss
         # of curls with SI accuracy enhancement: 0
         ssssssssssssssssssssssssssssssssssssssssss

1xN000:  ------------------------------------------------------------------------------
         PBA fill limit is applied in inverse mode.
         PBA fill limit is applied on faces filled with at least 98.25% metal material.
         --------------------------------------------------------------
         detailed accuracy settings:
         --------------------------------------------------------------
         augmented fill limit:       true
         augmented fill limit value: 98.25
         automatic fill limit:       true
         early fill limit:           true
         inverse fill limit:         true
         model complexity:           0.00
         legacy 2015:                false
         fixed point accuracy:       false
         minimum point accuracy:     0
         mesh step inheritance:      false
         accuracy mode:
         ------------------------------------------------------------------------------

1xN000:  =================================
         Finished matrix computation (PBA)
         =================================

1xN000:  >>>>>>>>>>>>>>>>>>>>>>>>
         2019 Dec17 (Tue):          >>>>>>>>>>>>>>>>>>>>>>>>



1xN001:  <<<<<<<<<<<<<<<<<<<<<<<<
         2019 Dec17 (Tue):          <<<<<<<<<<<<<<<<<<<<<<<<

1xN001:  ======================================================
          - pinning rule in use   : PINNING_RULE_MCALC_SKIP_ALL
          - desired group         : 0, sockets = 0
          - num cores available   : 8
          - num accessible procs  : 8
          - num logical procs     : 8
          - affinity (main thread): 1111 1111
          - sockets               : 0
          - potential cores       : 0,2,4,6
          - affinity              : 1111
          - active cores          : 0,2,4,6
          - hyperthreading        : on
          - allowed socket ids    : 0
          - allowed core ids      : 0,2,4,6
          - used mask (string)    : 1010 1010

         ======================================================

1xN001:  =======================================
         Matrix computation (PBA)
         	[Gaps between metals are preserved]
         	[PBA version: default]
         Version 2019.1 (build 20181019)
         PBA version 2018101919
         2019 Dec 17 (Tue): 06:35:10
         =======================================

1xN001:  ----------------------------------------------
         Used point accuracy enhancement value: 15.00%.
         ----------------------------------------------

1xN001:  Shapes are ordered to support shape wise matrix storage
1xN001:  ==================================================================================================
         == CST Matrix Calculation Priority Log                                                          ==
         ==================================================================================================

         Priorities are sorted in ascending order beginning with the lowest priority

         Priority:   3, shape   4: component1:Substrat-1, material: Rogers RT5880 (lossy)
         Priority:   3, shape   5: component1:Substrat-2, material: Rogers RT5880 (lossy)
         Priority:   4, shape   1: component1:Feed-0, material: Copper (annealed)
         Priority:   4, shape   2: component1:Groundplane, material: Copper (annealed)
         Priority:   4, shape   3: component1:Patch, material: Copper (annealed)

         ==================================================================================================

1xN001:  Gap-Detection activated for FARM-topology. Gaps are resolved, even partially.: gap tolerance value is 0.001 and mesh geometry scale is 0.001
1xN001:  cccccccccccccccccccccccccccccccccccccccccccccccccccccccccccccccccccc
         FARM/Meshfill cache is set to 8 (local FI domains: 8, dynamic: true)
         cccccccccccccccccccccccccccccccccccccccccccccccccccccccccccccccccccc

1xN001:  ssssssssssssssssssssssssssssssssssssssssss
         # of curls with SI accuracy enhancement: 0
         ssssssssssssssssssssssssssssssssssssssssss

1xN001:  ------------------------------------------------------------------------------
         PBA fill limit is applied in inverse mode.
         PBA fill limit is applied on faces filled with at least 98.25% metal material.
         --------------------------------------------------------------
         detailed accuracy settings:
         --------------------------------------------------------------
         augmented fill limit:       true
         augmented fill limit value: 98.25
         automatic fill limit:       true
         early fill limit:           true
         inverse fill limit:         true
         model complexity:           0.00
         legacy 2015:                false
         fixed point accuracy:       false
         minimum point accuracy:     0
         mesh step inheritance:      false
         accuracy mode:
         ------------------------------------------------------------------------------

1xN001:  =================================
         Finished matrix computation (PBA)
         =================================

1xN001:  >>>>>>>>>>>>>>>>>>>>>>>>
         2019 Dec17 (Tue):          >>>>>>>>>>>>>>>>>>>>>>>>



--------------------------------
# of staircase filled cells: 0
# of staircase filled areas: 0
# of staircase filled edges: 0
# of faces above fill limit: 0
# of edges with FPBA topology: 0
--------------------------------

