matrixcalc_AMD64 @ MICROWAVE:  ----------
                               Infos #: 0
                               ----------

matrixcalc_AMD64 @ MICROWAVE:  -------------
                               WARNINGS #: 0
                               -------------

matrixcalc_AMD64 @ MICROWAVE:  -----------
                               ERRORS #: 0
                               -----------

matrixcalc_AMD64 @ MICROWAVE:  ----------
                               Infos #: 0
                               ----------

matrixcalc_AMD64 @ MICROWAVE:  -------------
                               WARNINGS #: 0
                               -------------

matrixcalc_AMD64 @ MICROWAVE:  -----------
                               ERRORS #: 0
                               -----------

matrixcalc_AMD64 @ MICROWAVE:  ----------
                               Infos #: 0
                               ----------

matrixcalc_AMD64 @ MICROWAVE:  -------------
                               WARNINGS #: 0
                               -------------

matrixcalc_AMD64 @ MICROWAVE:  -----------
                               ERRORS #: 0
                               -----------

matrixcalc_AMD64 @ MICROWAVE:  ----------
                               Infos #: 0
                               ----------

matrixcalc_AMD64 @ MICROWAVE:  -------------
                               WARNINGS #: 0
                               -------------

matrixcalc_AMD64 @ MICROWAVE:  -----------
                               ERRORS #: 0
                               -----------

