17/Dec/2019 06:34:48  Defined reference frequency for open boundary condition (5.5 GHz) is larger
                      than the lowest relevant system frequency (monitor at 1 GHz).
                      Please check open boundary settings to ensure accurate monitor results for the
                      lowest frequency of interest.
                      
                      ------------------------------------------------------------------------------
17/Dec/2019 06:35:08  
                      Solver started at: 06:35 AM Tuesday, 17. December 2019 (SE Asia Standard Time)
                      
                        Module:  Time Domain: S-Parameter (Win 64)
                        Version: 2019.1 Release from 2018-10-19 (change 639524)
                      

                      ------------------------------------------------------------------------------

                      ------------------------------------------------------------------------------
17/Dec/2019 06:35:08  ======================================================================
                       Solver cycle: 1
                      ======================================================================
                      
                      Stimulation at port 1 (mode 1) 
                      
                      
                      
                      ------------------------------------------------------------------------------
17/Dec/2019 06:35:08  Units settings: 
                      
                        Dimensions: mm
                        Frequency:  GHz
                        Time:       ns
                      
                      ------------------------------------------------------------------------------
17/Dec/2019 06:35:30  Mesh statistics:
                      
                         Hexahedral mesh type: PBA [Version: default]
                      
                         Parallelization type: domain decomposition
                            Number of parallel working threads: 2
                            Number of calculation domains used: 2
                      
                         Used point accuracy enhancement value: 15.00%.
                         PBA fill limit: 98.25% (inverse)

17/Dec/2019 06:35:31  Using generalized port mode solver.
                      
                      ------------------------------------------------------------------------------
17/Dec/2019 06:35:31  Using electric shielding for port 1.
                      
                      ------------------------------------------------------------------------------
17/Dec/2019 06:35:31  Port mode solver: Detected dispersive material(s) at port 1. 
                      Using a constant approximation of dispersive material(s) at 5.5 GHz and neglecting loss terms.  More...
                      
                      ------------------------------------------------------------------------------
17/Dec/2019 06:35:31  Boundary conditions: 
                      
                        YZsymmetry: none
                        XZsymmetry: none
                        XYsymmetry: none
                      
                        Xmin: expanded open, 4 Layer, depth 7.00927 mm
                        Xmax: expanded open, 4 Layer, depth 7.00927 mm
                      
                        Ymin: expanded open, 4 Layer, depth 7.4239 mm
                        Ymax: expanded open, 4 Layer, depth 7.00927 mm
                      
                        Zmin: expanded open, 4 Layer, depth 7.11019 mm
                        Zmax: expanded open, 4 Layer, depth 7.11019 mm
                      
                        PML-Type: Convolution PML
                      
                      ------------------------------------------------------------------------------
17/Dec/2019 06:35:31  Frequency settings: 
                      
                        Fmin:         1
                        Fmax:         10
                        Nfsteps(lin): 901
                      
                      ------------------------------------------------------------------------------
17/Dec/2019 06:35:31  Waveguide boundaries:
                      
17/Dec/2019 06:35:31  Port: 1
                      
17/Dec/2019 06:35:31    -------------------------------- F-Calc 5.5 --------------------------------
                        Port   Mode   Type        Z-Wave        Z-Wave-Sigma  Z-Line        F-Cutoff
                        1      1      QTEM        258           9.87e-009     30.7          ---
                        ----------------------------------------------------------------------------
                      
17/Dec/2019 06:35:31  Field update statistics:
                      
                        Number of components in total: 	1111823
                        Number of TST elements:		735
                        Number of lossy metal components:	15031
                        Number of disp. elements:		102376
                      
                      Subcycling state:      Automatically deactivated
                      
                      ------------------------------------------------------------------------------
17/Dec/2019 06:35:52  
                      --------------------------------------------------------------------------------
17/Dec/2019 06:35:52  Steady state energy criterion met, solver finished successfully.
                      
                      ------------------------------------------------------------------------------
17/Dec/2019 06:35:52  Frequency domain results normalized to default signal.
                      
                      
                      ------------------------------------------------------------------------------
17/Dec/2019 06:35:52  
                        ----------------------------------------------------------------------------
                                            Peak memory used (kB)         Free physical memory (kB) 
                                                                          At begin     Minimum      
                        ----------------------------------------------------------------------------
                        Matrices calc.      264648                        28663085     28557617     
                        Solver run total    133792                        28688560     28155380     
                        ----------------------------------------------------------------------------
                      
                      --------------------------------------------------------------------------------
                      Solver Statistics:
                      
                        Hardware:
                           Computer name:                 	Microwave 
                      
                           Number of CPU threads:               4
                           Hardware info:                  	Hardware Accelerator Device not activated
                      
                        Number of mesh cells:             	180180
                        Excitation duration:              	7.89899722e-001 ns 
                        Calculation time for excitation:  	10 	s
                        Number of calculated pulse widths:	2.58301 
                        Steady state accuracy limit:      	-40	dB 
                        Simulated number of time steps:   	4340 
                        Maximum number of time steps:     	8401 
                        Time step width:
                           without subcycles:             	4.70119761e-004 ns
                           used:                          	4.70119761e-004 ns
                      
                        Matrix calculation time:          	22 	s
                        Solver setup time:                	1 	s
                        Solver loop time:                 	20 	s
                        Solver post processing time:      	0 	s
                                                          	------------
                        Total solver time:                	43 	s
                      
                      ------------------------------------------------------------------------------
17/Dec/2019 06:35:52  
                        Adaptive port meshing time:          	19     	s
                        Total solver time (all cycles):      	43     	s
                        solver initialization and clean-up:  	1      	s
                                                             	------------
                        Total simulation time:               	63     	s  ( = 0 h, 1 m, 3 s )
                      
                      ------------------------------------------------------------------------------
17/Dec/2019 06:35:52  Solver finished at: 06:35 AM Tuesday, 17. December 2019
                      
                      
                      
                      ------------------------------------------------------------------------------
17/Dec/2019 06:35:53  Creating parametric 1D results for Run ID 209
                      
                      ------------------------------------------------------------------------------
