Port monitor named: Port1_h1[5.5].prt

nx        = 79
ny        = 67
nz        = 36

nu        = 14
nv        = 25
iu        = 12
iv        = 28

idir      = 1
dcut      = -1.573000e-002
icut      = 9
type      = 1
frequency = 5.500000e+009

fcutoff   = 0.000000e+000
alpha     = 0.000000e+000
beta      = 1.707164e+002
accuracy  = 2.062912e-011

type          = QTEM
wave imp.     = 2.577056e+002
wave imp.sig. = 9.873626e-009
line imp.     = 3.073201e+001

ref. port     = 0

-0.000000e+000  1.073883e+000  2.113448e+000  3.074713e+000  3.893946e+000  4.479741e+000  4.719457e+000  4.579173e+000  4.151853e+000  3.512834e+000  2.732001e+000  1.862602e+000  9.426795e-001  -0.000000e+000  
-0.000000e+000  1.523157e+000  3.138553e+000  4.934276e+000  6.950337e+000  9.011046e+000  1.030926e+001  9.473926e+000  7.761815e+000  5.931050e+000  4.242168e+000  2.724072e+000  1.330694e+000  -0.000000e+000  
-0.000000e+000  1.590134e+000  3.321564e+000  5.373249e+000  7.989939e+000  1.138257e+001  1.469854e+001  1.235452e+001  9.197370e+000  6.603839e+000  4.555085e+000  2.866960e+000  1.386554e+000  -0.000000e+000  
-0.000000e+000  1.515537e+000  3.183698e+000  5.246122e+000  8.252086e+000  1.383083e+001  2.548815e+001  1.629605e+001  9.897426e+000  6.565735e+000  4.397409e+000  2.738789e+000  1.319945e+000  -0.000000e+000  
-0.000000e+000  1.299708e+000  2.678186e+000  4.228748e+000  6.055534e+000  8.121351e+000  -0.000000e+000  8.335429e+000  6.765207e+000  5.089532e+000  3.616889e+000  2.320391e+000  1.134332e+000  -0.000000e+000  
-0.000000e+000  1.032028e+000  2.061240e+000  3.043657e+000  3.785116e+000  3.579811e+000  -0.000000e+000  3.244909e+000  3.913361e+000  3.479970e+000  2.693588e+000  1.808628e+000  9.044276e-001  -0.000000e+000  
-0.000000e+000  7.666136e-001  1.482025e+000  2.052898e+000  2.278303e+000  1.760006e+000  -0.000000e+000  1.475784e+000  2.218941e+000  2.241193e+000  1.873824e+000  1.317065e+000  6.747571e-001  -0.000000e+000  
-0.000000e+000  5.424927e-001  1.019382e+000  1.340768e+000  1.371322e+000  9.417105e-001  -0.000000e+000  7.559231e-001  1.281795e+000  1.411688e+000  1.252996e+000  9.153624e-001  4.791695e-001  -0.000000e+000  
-0.000000e+000  3.659161e-001  6.715875e-001  8.482380e-001  8.186910e-001  5.237488e-001  -0.000000e+000  4.104734e-001  7.442707e-001  8.688252e-001  8.065655e-001  6.078427e-001  3.240095e-001  -0.000000e+000  
-0.000000e+000  2.388449e-001  4.307384e-001  5.285500e-001  4.909964e-001  3.014907e-001  -0.000000e+000  2.333299e-001  4.386281e-001  5.310753e-001  5.084479e-001  3.919394e-001  2.117928e-001  -0.000000e+000  
-0.000000e+000  1.545379e-001  2.755810e-001  3.321559e-001  3.017042e-001  1.812322e-001  -0.000000e+000  1.393736e-001  2.668562e-001  3.298336e-001  3.216970e-001  2.515264e-001  1.371164e-001  -0.000000e+000  
-0.000000e+000  4.030228e-002  7.080715e-002  8.345028e-002  7.386896e-002  4.339110e-002  -0.000000e+000  3.315312e-002  6.460117e-002  8.165014e-002  8.141078e-002  6.481043e-002  3.574453e-002  -0.000000e+000  
-0.000000e+000  -4.030228e-002  -7.080715e-002  -8.345028e-002  -7.386896e-002  -4.339110e-002  -0.000000e+000  -3.315312e-002  -6.460117e-002  -8.165014e-002  -8.141078e-002  -6.481043e-002  -3.574453e-002  -0.000000e+000  
-0.000000e+000  -1.545379e-001  -2.755810e-001  -3.321559e-001  -3.017042e-001  -1.812322e-001  -0.000000e+000  -1.393736e-001  -2.668562e-001  -3.298336e-001  -3.216970e-001  -2.515264e-001  -1.371164e-001  -0.000000e+000  
-0.000000e+000  -2.388449e-001  -4.307384e-001  -5.285500e-001  -4.909964e-001  -3.014907e-001  -0.000000e+000  -2.333299e-001  -4.386281e-001  -5.310753e-001  -5.084479e-001  -3.919394e-001  -2.117928e-001  -0.000000e+000  
-0.000000e+000  -3.659161e-001  -6.715875e-001  -8.482380e-001  -8.186910e-001  -5.237488e-001  -0.000000e+000  -4.104734e-001  -7.442707e-001  -8.688252e-001  -8.065655e-001  -6.078427e-001  -3.240095e-001  -0.000000e+000  
-0.000000e+000  -5.424927e-001  -1.019382e+000  -1.340768e+000  -1.371322e+000  -9.417105e-001  -0.000000e+000  -7.559231e-001  -1.281795e+000  -1.411688e+000  -1.252996e+000  -9.153624e-001  -4.791695e-001  -0.000000e+000  
-0.000000e+000  -7.666136e-001  -1.482025e+000  -2.052898e+000  -2.278303e+000  -1.760006e+000  -0.000000e+000  -1.475784e+000  -2.218941e+000  -2.241193e+000  -1.873824e+000  -1.317065e+000  -6.747571e-001  -0.000000e+000  
-0.000000e+000  -1.032028e+000  -2.061240e+000  -3.043657e+000  -3.785116e+000  -3.579811e+000  -0.000000e+000  -3.244909e+000  -3.913361e+000  -3.479970e+000  -2.693588e+000  -1.808628e+000  -9.044276e-001  -0.000000e+000  
-0.000000e+000  -1.299708e+000  -2.678186e+000  -4.228748e+000  -6.055534e+000  -8.121351e+000  -0.000000e+000  -8.335428e+000  -6.765207e+000  -5.089532e+000  -3.616889e+000  -2.320391e+000  -1.134332e+000  -0.000000e+000  
-0.000000e+000  -1.515537e+000  -3.183698e+000  -5.246122e+000  -8.252086e+000  -1.383083e+001  -2.548815e+001  -1.629605e+001  -9.897426e+000  -6.565735e+000  -4.397409e+000  -2.738789e+000  -1.319945e+000  -0.000000e+000  
-0.000000e+000  -1.590134e+000  -3.321564e+000  -5.373249e+000  -7.989939e+000  -1.138257e+001  -1.469854e+001  -1.235452e+001  -9.197370e+000  -6.603839e+000  -4.555085e+000  -2.866960e+000  -1.386554e+000  -0.000000e+000  
-0.000000e+000  -1.523157e+000  -3.138553e+000  -4.934276e+000  -6.950337e+000  -9.011046e+000  -1.030926e+001  -9.473926e+000  -7.761815e+000  -5.931050e+000  -4.242168e+000  -2.724072e+000  -1.330694e+000  -0.000000e+000  
-0.000000e+000  -1.073883e+000  -2.113448e+000  -3.074713e+000  -3.893946e+000  -4.479741e+000  -4.719457e+000  -4.579173e+000  -4.151853e+000  -3.512834e+000  -2.732001e+000  -1.862602e+000  -9.426795e-001  -0.000000e+000  
-0.000000e+000  -0.000000e+000  -0.000000e+000  -0.000000e+000  -0.000000e+000  -0.000000e+000  -0.000000e+000  -0.000000e+000  -0.000000e+000  -0.000000e+000  -0.000000e+000  -0.000000e+000  -0.000000e+000  -0.000000e+000  

-0.000000e+000  -0.000000e+000  -0.000000e+000  -0.000000e+000  -0.000000e+000  -0.000000e+000  -0.000000e+000  -0.000000e+000  -0.000000e+000  -0.000000e+000  -0.000000e+000  -0.000000e+000  -0.000000e+000  -0.000000e+000  
-4.987005e+000  -4.827681e+000  -4.464169e+000  -3.804782e+000  -2.721056e+000  -1.114398e+000  7.449252e-001  2.265663e+000  3.387243e+000  4.138583e+000  4.607810e+000  4.875490e+000  4.996060e+000  -0.000000e+000  
-6.512267e+000  -6.445281e+000  -6.262289e+000  -5.823480e+000  -4.784481e+000  -2.414621e+000  1.699941e+000  4.222214e+000  5.479300e+000  6.068532e+000  6.342643e+000  6.467841e+000  6.516796e+000  -0.000000e+000  
-8.104596e+000  -8.179058e+000  -8.316662e+000  -8.443455e+000  -8.181228e+000  -5.734752e+000  4.378594e+000  7.829597e+000  8.442760e+000  8.409622e+000  8.271739e+000  8.159630e+000  8.101365e+000  -0.000000e+000  
-9.622267e+000  -9.849520e+000  -1.038181e+001  -1.145312e+001  -1.376626e+001  -1.977910e+001  2.248606e+001  1.513984e+001  1.224948e+001  1.088733e+001  1.016715e+001  9.781106e+000  9.609852e+000  -0.000000e+000  
-1.079015e+001  -1.108817e+001  -1.177504e+001  -1.309451e+001  -1.562244e+001  -2.067922e+001  2.171679e+001  1.675012e+001  1.396773e+001  1.239740e+001  1.149663e+001  1.099737e+001  1.077309e+001  -0.000000e+000  
-1.171760e+001  -1.201311e+001  -1.265800e+001  -1.376111e+001  -1.543883e+001  -1.746509e+001  1.779189e+001  1.606582e+001  1.441266e+001  1.320407e+001  1.240429e+001  1.192472e+001  1.170066e+001  -0.000000e+000  
-1.240665e+001  -1.265618e+001  -1.317129e+001  -1.396418e+001  -1.497404e+001  -1.588516e+001  1.600717e+001  1.530483e+001  1.439051e+001  1.358121e+001  1.297551e+001  1.258361e+001  1.239279e+001  -0.000000e+000  
-1.289436e+001  -1.308498e+001  -1.346045e+001  -1.399218e+001  -1.458879e+001  -1.504002e+001  1.509324e+001  1.476644e+001  1.425794e+001  1.374440e+001  1.332209e+001  1.303118e+001  1.288440e+001  -0.000000e+000  
-1.324405e+001  -1.337719e+001  -1.362953e+001  -1.396448e+001  -1.430782e+001  -1.454070e+001  1.456604e+001  1.440340e+001  1.412280e+001  1.381271e+001  1.353902e+001  1.334080e+001  1.323777e+001  -0.000000e+000  
-1.347239e+001  -1.356073e+001  -1.372329e+001  -1.392906e+001  -1.412739e+001  -1.425339e+001  1.426649e+001  1.418023e+001  1.402253e+001  1.383777e+001  1.366632e+001  1.353741e+001  1.346885e+001  -0.000000e+000  
-1.362020e+001  -1.367656e+001  -1.377761e+001  -1.390032e+001  -1.401275e+001  -1.408076e+001  1.408764e+001  1.404171e+001  1.395426e+001  1.384696e+001  1.374306e+001  1.366233e+001  1.361850e+001  -0.000000e+000  
-1.374552e+001  -1.377154e+001  -1.381724e+001  -1.387110e+001  -1.391877e+001  -1.394678e+001  1.394972e+001  1.393097e+001  1.389444e+001  1.384826e+001  1.380222e+001  1.376557e+001  1.374535e+001  -0.000000e+000  
-1.362020e+001  -1.367656e+001  -1.377761e+001  -1.390032e+001  -1.401275e+001  -1.408076e+001  1.408764e+001  1.404171e+001  1.395426e+001  1.384696e+001  1.374306e+001  1.366233e+001  1.361850e+001  -0.000000e+000  
-1.347239e+001  -1.356073e+001  -1.372329e+001  -1.392906e+001  -1.412739e+001  -1.425339e+001  1.426649e+001  1.418023e+001  1.402253e+001  1.383777e+001  1.366632e+001  1.353741e+001  1.346885e+001  -0.000000e+000  
-1.324405e+001  -1.337719e+001  -1.362953e+001  -1.396448e+001  -1.430782e+001  -1.454070e+001  1.456604e+001  1.440340e+001  1.412280e+001  1.381271e+001  1.353902e+001  1.334080e+001  1.323777e+001  -0.000000e+000  
-1.289436e+001  -1.308498e+001  -1.346045e+001  -1.399218e+001  -1.458879e+001  -1.504002e+001  1.509324e+001  1.476644e+001  1.425794e+001  1.374440e+001  1.332209e+001  1.303118e+001  1.288440e+001  -0.000000e+000  
-1.240665e+001  -1.265618e+001  -1.317129e+001  -1.396418e+001  -1.497404e+001  -1.588516e+001  1.600717e+001  1.530483e+001  1.439051e+001  1.358121e+001  1.297551e+001  1.258361e+001  1.239279e+001  -0.000000e+000  
-1.171760e+001  -1.201311e+001  -1.265800e+001  -1.376111e+001  -1.543883e+001  -1.746509e+001  1.779189e+001  1.606582e+001  1.441266e+001  1.320407e+001  1.240429e+001  1.192472e+001  1.170066e+001  -0.000000e+000  
-1.079015e+001  -1.108817e+001  -1.177504e+001  -1.309451e+001  -1.562244e+001  -2.067922e+001  2.171679e+001  1.675012e+001  1.396773e+001  1.239740e+001  1.149663e+001  1.099737e+001  1.077309e+001  -0.000000e+000  
-9.622267e+000  -9.849520e+000  -1.038181e+001  -1.145312e+001  -1.376626e+001  -1.977910e+001  2.248606e+001  1.513984e+001  1.224948e+001  1.088733e+001  1.016715e+001  9.781106e+000  9.609852e+000  -0.000000e+000  
-8.104596e+000  -8.179058e+000  -8.316662e+000  -8.443455e+000  -8.181228e+000  -5.734752e+000  4.378593e+000  7.829597e+000  8.442760e+000  8.409622e+000  8.271739e+000  8.159630e+000  8.101365e+000  -0.000000e+000  
-6.512267e+000  -6.445281e+000  -6.262289e+000  -5.823480e+000  -4.784481e+000  -2.414621e+000  1.699941e+000  4.222214e+000  5.479300e+000  6.068532e+000  6.342643e+000  6.467841e+000  6.516796e+000  -0.000000e+000  
-4.987005e+000  -4.827681e+000  -4.464169e+000  -3.804782e+000  -2.721056e+000  -1.114398e+000  7.449252e-001  2.265663e+000  3.387243e+000  4.138583e+000  4.607810e+000  4.875490e+000  4.996060e+000  -0.000000e+000  
-0.000000e+000  -0.000000e+000  -0.000000e+000  -0.000000e+000  -0.000000e+000  -0.000000e+000  -0.000000e+000  -0.000000e+000  -0.000000e+000  -0.000000e+000  -0.000000e+000  -0.000000e+000  -0.000000e+000  -0.000000e+000  

0.000000e+000  0.000000e+000  0.000000e+000  0.000000e+000  0.000000e+000  0.000000e+000  0.000000e+000  0.000000e+000  0.000000e+000  0.000000e+000  0.000000e+000  0.000000e+000  0.000000e+000  0.000000e+000  
0.000000e+000  0.000000e+000  0.000000e+000  0.000000e+000  0.000000e+000  0.000000e+000  0.000000e+000  0.000000e+000  0.000000e+000  0.000000e+000  0.000000e+000  0.000000e+000  0.000000e+000  0.000000e+000  
0.000000e+000  0.000000e+000  0.000000e+000  0.000000e+000  0.000000e+000  0.000000e+000  0.000000e+000  0.000000e+000  0.000000e+000  0.000000e+000  0.000000e+000  0.000000e+000  0.000000e+000  0.000000e+000  
0.000000e+000  0.000000e+000  0.000000e+000  0.000000e+000  0.000000e+000  0.000000e+000  0.000000e+000  0.000000e+000  0.000000e+000  0.000000e+000  0.000000e+000  0.000000e+000  0.000000e+000  0.000000e+000  
0.000000e+000  0.000000e+000  0.000000e+000  0.000000e+000  0.000000e+000  0.000000e+000  0.000000e+000  0.000000e+000  0.000000e+000  0.000000e+000  0.000000e+000  0.000000e+000  0.000000e+000  0.000000e+000  
0.000000e+000  0.000000e+000  0.000000e+000  0.000000e+000  0.000000e+000  0.000000e+000  0.000000e+000  0.000000e+000  0.000000e+000  0.000000e+000  0.000000e+000  0.000000e+000  0.000000e+000  0.000000e+000  
0.000000e+000  0.000000e+000  0.000000e+000  0.000000e+000  0.000000e+000  0.000000e+000  0.000000e+000  0.000000e+000  0.000000e+000  0.000000e+000  0.000000e+000  0.000000e+000  0.000000e+000  0.000000e+000  
0.000000e+000  0.000000e+000  0.000000e+000  0.000000e+000  0.000000e+000  0.000000e+000  0.000000e+000  0.000000e+000  0.000000e+000  0.000000e+000  0.000000e+000  0.000000e+000  0.000000e+000  0.000000e+000  
0.000000e+000  0.000000e+000  0.000000e+000  0.000000e+000  0.000000e+000  0.000000e+000  0.000000e+000  0.000000e+000  0.000000e+000  0.000000e+000  0.000000e+000  0.000000e+000  0.000000e+000  0.000000e+000  
0.000000e+000  0.000000e+000  0.000000e+000  0.000000e+000  0.000000e+000  0.000000e+000  0.000000e+000  0.000000e+000  0.000000e+000  0.000000e+000  0.000000e+000  0.000000e+000  0.000000e+000  0.000000e+000  
0.000000e+000  0.000000e+000  0.000000e+000  0.000000e+000  0.000000e+000  0.000000e+000  0.000000e+000  0.000000e+000  0.000000e+000  0.000000e+000  0.000000e+000  0.000000e+000  0.000000e+000  0.000000e+000  
0.000000e+000  0.000000e+000  0.000000e+000  0.000000e+000  0.000000e+000  0.000000e+000  0.000000e+000  0.000000e+000  0.000000e+000  0.000000e+000  0.000000e+000  0.000000e+000  0.000000e+000  0.000000e+000  
0.000000e+000  0.000000e+000  0.000000e+000  0.000000e+000  0.000000e+000  0.000000e+000  0.000000e+000  0.000000e+000  0.000000e+000  0.000000e+000  0.000000e+000  0.000000e+000  0.000000e+000  0.000000e+000  
0.000000e+000  0.000000e+000  0.000000e+000  0.000000e+000  0.000000e+000  0.000000e+000  0.000000e+000  0.000000e+000  0.000000e+000  0.000000e+000  0.000000e+000  0.000000e+000  0.000000e+000  0.000000e+000  
0.000000e+000  0.000000e+000  0.000000e+000  0.000000e+000  0.000000e+000  0.000000e+000  0.000000e+000  0.000000e+000  0.000000e+000  0.000000e+000  0.000000e+000  0.000000e+000  0.000000e+000  0.000000e+000  
0.000000e+000  0.000000e+000  0.000000e+000  0.000000e+000  0.000000e+000  0.000000e+000  0.000000e+000  0.000000e+000  0.000000e+000  0.000000e+000  0.000000e+000  0.000000e+000  0.000000e+000  0.000000e+000  
0.000000e+000  0.000000e+000  0.000000e+000  0.000000e+000  0.000000e+000  0.000000e+000  0.000000e+000  0.000000e+000  0.000000e+000  0.000000e+000  0.000000e+000  0.000000e+000  0.000000e+000  0.000000e+000  
0.000000e+000  0.000000e+000  0.000000e+000  0.000000e+000  0.000000e+000  0.000000e+000  0.000000e+000  0.000000e+000  0.000000e+000  0.000000e+000  0.000000e+000  0.000000e+000  0.000000e+000  0.000000e+000  
0.000000e+000  0.000000e+000  0.000000e+000  0.000000e+000  0.000000e+000  0.000000e+000  0.000000e+000  0.000000e+000  0.000000e+000  0.000000e+000  0.000000e+000  0.000000e+000  0.000000e+000  0.000000e+000  
0.000000e+000  0.000000e+000  0.000000e+000  0.000000e+000  0.000000e+000  0.000000e+000  0.000000e+000  0.000000e+000  0.000000e+000  0.000000e+000  0.000000e+000  0.000000e+000  0.000000e+000  0.000000e+000  
0.000000e+000  0.000000e+000  0.000000e+000  0.000000e+000  0.000000e+000  0.000000e+000  0.000000e+000  0.000000e+000  0.000000e+000  0.000000e+000  0.000000e+000  0.000000e+000  0.000000e+000  0.000000e+000  
0.000000e+000  0.000000e+000  0.000000e+000  0.000000e+000  0.000000e+000  0.000000e+000  0.000000e+000  0.000000e+000  0.000000e+000  0.000000e+000  0.000000e+000  0.000000e+000  0.000000e+000  0.000000e+000  
0.000000e+000  0.000000e+000  0.000000e+000  0.000000e+000  0.000000e+000  0.000000e+000  0.000000e+000  0.000000e+000  0.000000e+000  0.000000e+000  0.000000e+000  0.000000e+000  0.000000e+000  0.000000e+000  
0.000000e+000  0.000000e+000  0.000000e+000  0.000000e+000  0.000000e+000  0.000000e+000  0.000000e+000  0.000000e+000  0.000000e+000  0.000000e+000  0.000000e+000  0.000000e+000  0.000000e+000  0.000000e+000  
0.000000e+000  0.000000e+000  0.000000e+000  0.000000e+000  0.000000e+000  0.000000e+000  0.000000e+000  0.000000e+000  0.000000e+000  0.000000e+000  0.000000e+000  0.000000e+000  0.000000e+000  0.000000e+000  

0.000000e+000  0.000000e+000  0.000000e+000  0.000000e+000  0.000000e+000  0.000000e+000  0.000000e+000  0.000000e+000  0.000000e+000  0.000000e+000  0.000000e+000  0.000000e+000  0.000000e+000  0.000000e+000  
0.000000e+000  0.000000e+000  0.000000e+000  0.000000e+000  0.000000e+000  0.000000e+000  0.000000e+000  0.000000e+000  0.000000e+000  0.000000e+000  0.000000e+000  0.000000e+000  0.000000e+000  0.000000e+000  
0.000000e+000  0.000000e+000  0.000000e+000  0.000000e+000  0.000000e+000  0.000000e+000  0.000000e+000  0.000000e+000  0.000000e+000  0.000000e+000  0.000000e+000  0.000000e+000  0.000000e+000  0.000000e+000  
0.000000e+000  0.000000e+000  0.000000e+000  0.000000e+000  0.000000e+000  0.000000e+000  0.000000e+000  0.000000e+000  0.000000e+000  0.000000e+000  0.000000e+000  0.000000e+000  0.000000e+000  0.000000e+000  
0.000000e+000  0.000000e+000  0.000000e+000  0.000000e+000  0.000000e+000  0.000000e+000  0.000000e+000  0.000000e+000  0.000000e+000  0.000000e+000  0.000000e+000  0.000000e+000  0.000000e+000  0.000000e+000  
0.000000e+000  0.000000e+000  0.000000e+000  0.000000e+000  0.000000e+000  0.000000e+000  0.000000e+000  0.000000e+000  0.000000e+000  0.000000e+000  0.000000e+000  0.000000e+000  0.000000e+000  0.000000e+000  
0.000000e+000  0.000000e+000  0.000000e+000  0.000000e+000  0.000000e+000  0.000000e+000  0.000000e+000  0.000000e+000  0.000000e+000  0.000000e+000  0.000000e+000  0.000000e+000  0.000000e+000  0.000000e+000  
0.000000e+000  0.000000e+000  0.000000e+000  0.000000e+000  0.000000e+000  0.000000e+000  0.000000e+000  0.000000e+000  0.000000e+000  0.000000e+000  0.000000e+000  0.000000e+000  0.000000e+000  0.000000e+000  
0.000000e+000  0.000000e+000  0.000000e+000  0.000000e+000  0.000000e+000  0.000000e+000  0.000000e+000  0.000000e+000  0.000000e+000  0.000000e+000  0.000000e+000  0.000000e+000  0.000000e+000  0.000000e+000  
0.000000e+000  0.000000e+000  0.000000e+000  0.000000e+000  0.000000e+000  0.000000e+000  0.000000e+000  0.000000e+000  0.000000e+000  0.000000e+000  0.000000e+000  0.000000e+000  0.000000e+000  0.000000e+000  
0.000000e+000  0.000000e+000  0.000000e+000  0.000000e+000  0.000000e+000  0.000000e+000  0.000000e+000  0.000000e+000  0.000000e+000  0.000000e+000  0.000000e+000  0.000000e+000  0.000000e+000  0.000000e+000  
0.000000e+000  0.000000e+000  0.000000e+000  0.000000e+000  0.000000e+000  0.000000e+000  0.000000e+000  0.000000e+000  0.000000e+000  0.000000e+000  0.000000e+000  0.000000e+000  0.000000e+000  0.000000e+000  
0.000000e+000  0.000000e+000  0.000000e+000  0.000000e+000  0.000000e+000  0.000000e+000  0.000000e+000  0.000000e+000  0.000000e+000  0.000000e+000  0.000000e+000  0.000000e+000  0.000000e+000  0.000000e+000  
0.000000e+000  0.000000e+000  0.000000e+000  0.000000e+000  0.000000e+000  0.000000e+000  0.000000e+000  0.000000e+000  0.000000e+000  0.000000e+000  0.000000e+000  0.000000e+000  0.000000e+000  0.000000e+000  
0.000000e+000  0.000000e+000  0.000000e+000  0.000000e+000  0.000000e+000  0.000000e+000  0.000000e+000  0.000000e+000  0.000000e+000  0.000000e+000  0.000000e+000  0.000000e+000  0.000000e+000  0.000000e+000  
0.000000e+000  0.000000e+000  0.000000e+000  0.000000e+000  0.000000e+000  0.000000e+000  0.000000e+000  0.000000e+000  0.000000e+000  0.000000e+000  0.000000e+000  0.000000e+000  0.000000e+000  0.000000e+000  
0.000000e+000  0.000000e+000  0.000000e+000  0.000000e+000  0.000000e+000  0.000000e+000  0.000000e+000  0.000000e+000  0.000000e+000  0.000000e+000  0.000000e+000  0.000000e+000  0.000000e+000  0.000000e+000  
0.000000e+000  0.000000e+000  0.000000e+000  0.000000e+000  0.000000e+000  0.000000e+000  0.000000e+000  0.000000e+000  0.000000e+000  0.000000e+000  0.000000e+000  0.000000e+000  0.000000e+000  0.000000e+000  
0.000000e+000  0.000000e+000  0.000000e+000  0.000000e+000  0.000000e+000  0.000000e+000  0.000000e+000  0.000000e+000  0.000000e+000  0.000000e+000  0.000000e+000  0.000000e+000  0.000000e+000  0.000000e+000  
0.000000e+000  0.000000e+000  0.000000e+000  0.000000e+000  0.000000e+000  0.000000e+000  0.000000e+000  0.000000e+000  0.000000e+000  0.000000e+000  0.000000e+000  0.000000e+000  0.000000e+000  0.000000e+000  
0.000000e+000  0.000000e+000  0.000000e+000  0.000000e+000  0.000000e+000  0.000000e+000  0.000000e+000  0.000000e+000  0.000000e+000  0.000000e+000  0.000000e+000  0.000000e+000  0.000000e+000  0.000000e+000  
0.000000e+000  0.000000e+000  0.000000e+000  0.000000e+000  0.000000e+000  0.000000e+000  0.000000e+000  0.000000e+000  0.000000e+000  0.000000e+000  0.000000e+000  0.000000e+000  0.000000e+000  0.000000e+000  
0.000000e+000  0.000000e+000  0.000000e+000  0.000000e+000  0.000000e+000  0.000000e+000  0.000000e+000  0.000000e+000  0.000000e+000  0.000000e+000  0.000000e+000  0.000000e+000  0.000000e+000  0.000000e+000  
0.000000e+000  0.000000e+000  0.000000e+000  0.000000e+000  0.000000e+000  0.000000e+000  0.000000e+000  0.000000e+000  0.000000e+000  0.000000e+000  0.000000e+000  0.000000e+000  0.000000e+000  0.000000e+000  
0.000000e+000  0.000000e+000  0.000000e+000  0.000000e+000  0.000000e+000  0.000000e+000  0.000000e+000  0.000000e+000  0.000000e+000  0.000000e+000  0.000000e+000  0.000000e+000  0.000000e+000  0.000000e+000  

0.000000e+000  0.000000e+000  0.000000e+000  0.000000e+000  0.000000e+000  0.000000e+000  0.000000e+000  0.000000e+000  0.000000e+000  0.000000e+000  0.000000e+000  0.000000e+000  0.000000e+000  0.000000e+000  
0.000000e+000  0.000000e+000  0.000000e+000  0.000000e+000  0.000000e+000  0.000000e+000  0.000000e+000  0.000000e+000  0.000000e+000  0.000000e+000  0.000000e+000  0.000000e+000  0.000000e+000  0.000000e+000  
0.000000e+000  0.000000e+000  0.000000e+000  0.000000e+000  0.000000e+000  0.000000e+000  0.000000e+000  0.000000e+000  0.000000e+000  0.000000e+000  0.000000e+000  0.000000e+000  0.000000e+000  0.000000e+000  
0.000000e+000  0.000000e+000  0.000000e+000  0.000000e+000  0.000000e+000  0.000000e+000  0.000000e+000  0.000000e+000  0.000000e+000  0.000000e+000  0.000000e+000  0.000000e+000  0.000000e+000  0.000000e+000  
0.000000e+000  0.000000e+000  0.000000e+000  0.000000e+000  0.000000e+000  0.000000e+000  0.000000e+000  0.000000e+000  0.000000e+000  0.000000e+000  0.000000e+000  0.000000e+000  0.000000e+000  0.000000e+000  
0.000000e+000  0.000000e+000  0.000000e+000  0.000000e+000  0.000000e+000  0.000000e+000  0.000000e+000  0.000000e+000  0.000000e+000  0.000000e+000  0.000000e+000  0.000000e+000  0.000000e+000  0.000000e+000  
0.000000e+000  0.000000e+000  0.000000e+000  0.000000e+000  0.000000e+000  0.000000e+000  0.000000e+000  0.000000e+000  0.000000e+000  0.000000e+000  0.000000e+000  0.000000e+000  0.000000e+000  0.000000e+000  
0.000000e+000  0.000000e+000  0.000000e+000  0.000000e+000  0.000000e+000  0.000000e+000  0.000000e+000  0.000000e+000  0.000000e+000  0.000000e+000  0.000000e+000  0.000000e+000  0.000000e+000  0.000000e+000  
0.000000e+000  0.000000e+000  0.000000e+000  0.000000e+000  0.000000e+000  0.000000e+000  0.000000e+000  0.000000e+000  0.000000e+000  0.000000e+000  0.000000e+000  0.000000e+000  0.000000e+000  0.000000e+000  
0.000000e+000  0.000000e+000  0.000000e+000  0.000000e+000  0.000000e+000  0.000000e+000  0.000000e+000  0.000000e+000  0.000000e+000  0.000000e+000  0.000000e+000  0.000000e+000  0.000000e+000  0.000000e+000  
0.000000e+000  0.000000e+000  0.000000e+000  0.000000e+000  0.000000e+000  0.000000e+000  0.000000e+000  0.000000e+000  0.000000e+000  0.000000e+000  0.000000e+000  0.000000e+000  0.000000e+000  0.000000e+000  
0.000000e+000  0.000000e+000  0.000000e+000  0.000000e+000  0.000000e+000  0.000000e+000  0.000000e+000  0.000000e+000  0.000000e+000  0.000000e+000  0.000000e+000  0.000000e+000  0.000000e+000  0.000000e+000  
0.000000e+000  0.000000e+000  0.000000e+000  0.000000e+000  0.000000e+000  0.000000e+000  0.000000e+000  0.000000e+000  0.000000e+000  0.000000e+000  0.000000e+000  0.000000e+000  0.000000e+000  0.000000e+000  
0.000000e+000  0.000000e+000  0.000000e+000  0.000000e+000  0.000000e+000  0.000000e+000  0.000000e+000  0.000000e+000  0.000000e+000  0.000000e+000  0.000000e+000  0.000000e+000  0.000000e+000  0.000000e+000  
0.000000e+000  0.000000e+000  0.000000e+000  0.000000e+000  0.000000e+000  0.000000e+000  0.000000e+000  0.000000e+000  0.000000e+000  0.000000e+000  0.000000e+000  0.000000e+000  0.000000e+000  0.000000e+000  
0.000000e+000  0.000000e+000  0.000000e+000  0.000000e+000  0.000000e+000  0.000000e+000  0.000000e+000  0.000000e+000  0.000000e+000  0.000000e+000  0.000000e+000  0.000000e+000  0.000000e+000  0.000000e+000  
0.000000e+000  0.000000e+000  0.000000e+000  0.000000e+000  0.000000e+000  0.000000e+000  0.000000e+000  0.000000e+000  0.000000e+000  0.000000e+000  0.000000e+000  0.000000e+000  0.000000e+000  0.000000e+000  
0.000000e+000  0.000000e+000  0.000000e+000  0.000000e+000  0.000000e+000  0.000000e+000  0.000000e+000  0.000000e+000  0.000000e+000  0.000000e+000  0.000000e+000  0.000000e+000  0.000000e+000  0.000000e+000  
0.000000e+000  0.000000e+000  0.000000e+000  0.000000e+000  0.000000e+000  0.000000e+000  0.000000e+000  0.000000e+000  0.000000e+000  0.000000e+000  0.000000e+000  0.000000e+000  0.000000e+000  0.000000e+000  
0.000000e+000  0.000000e+000  0.000000e+000  0.000000e+000  0.000000e+000  0.000000e+000  0.000000e+000  0.000000e+000  0.000000e+000  0.000000e+000  0.000000e+000  0.000000e+000  0.000000e+000  0.000000e+000  
0.000000e+000  0.000000e+000  0.000000e+000  0.000000e+000  0.000000e+000  0.000000e+000  0.000000e+000  0.000000e+000  0.000000e+000  0.000000e+000  0.000000e+000  0.000000e+000  0.000000e+000  0.000000e+000  
0.000000e+000  0.000000e+000  0.000000e+000  0.000000e+000  0.000000e+000  0.000000e+000  0.000000e+000  0.000000e+000  0.000000e+000  0.000000e+000  0.000000e+000  0.000000e+000  0.000000e+000  0.000000e+000  
0.000000e+000  0.000000e+000  0.000000e+000  0.000000e+000  0.000000e+000  0.000000e+000  0.000000e+000  0.000000e+000  0.000000e+000  0.000000e+000  0.000000e+000  0.000000e+000  0.000000e+000  0.000000e+000  
0.000000e+000  0.000000e+000  0.000000e+000  0.000000e+000  0.000000e+000  0.000000e+000  0.000000e+000  0.000000e+000  0.000000e+000  0.000000e+000  0.000000e+000  0.000000e+000  0.000000e+000  0.000000e+000  
0.000000e+000  0.000000e+000  0.000000e+000  0.000000e+000  0.000000e+000  0.000000e+000  0.000000e+000  0.000000e+000  0.000000e+000  0.000000e+000  0.000000e+000  0.000000e+000  0.000000e+000  0.000000e+000  

-1.265674e-002  -1.246536e-002  -1.204757e-002  -1.133040e-002  -1.019988e-002  -8.508379e-003  8.913710e-003  1.046121e-002  1.155272e-002  1.229421e-002  1.277550e-002  1.306202e-002  1.319528e-002  -0.000000e+000  
-1.516170e-002  -1.542879e-002  -1.596681e-002  -1.674198e-002  -1.754467e-002  -1.762060e-002  1.819924e-002  1.823662e-002  1.752113e-002  1.673043e-002  1.609618e-002  1.567439e-002  1.546674e-002  -0.000000e+000  
-1.578275e-002  -1.620863e-002  -1.711964e-002  -1.863426e-002  -2.087855e-002  -2.356404e-002  2.445135e-002  2.197752e-002  1.973668e-002  1.810011e-002  1.699698e-002  1.632171e-002  1.600157e-002  -0.000000e+000  
-1.597702e-002  -1.650233e-002  -1.766760e-002  -1.979537e-002  -2.377028e-002  -3.241665e-002  3.418094e-002  2.541426e-002  2.116363e-002  1.877360e-002  1.733939e-002  1.650551e-002  1.611858e-002  -0.000000e+000  
-1.566192e-002  -1.617259e-002  -1.727254e-002  -1.914115e-002  -2.207348e-002  -2.622219e-002  2.677056e-002  2.308432e-002  2.021408e-002  1.822924e-002  1.692103e-002  1.612650e-002  1.575053e-002  -0.000000e+000  
-1.495197e-002  -1.538537e-002  -1.627884e-002  -1.766435e-002  -1.948745e-002  -2.128241e-002  2.142908e-002  2.002327e-002  1.838580e-002  1.700351e-002  1.598564e-002  1.532826e-002  1.500740e-002  -0.000000e+000  
-1.389236e-002  -1.422700e-002  -1.488820e-002  -1.583451e-002  -1.692400e-002  -1.779027e-002  1.783062e-002  1.720548e-002  1.628934e-002  1.539489e-002  1.467148e-002  1.417644e-002  1.392713e-002  -0.000000e+000  
-1.256276e-002  -1.280517e-002  -1.326751e-002  -1.388909e-002  -1.454048e-002  -1.499674e-002  1.500723e-002  1.469325e-002  1.417003e-002  1.360651e-002  1.311732e-002  1.276642e-002  1.258490e-002  -0.000000e+000  
-1.098975e-002  -1.115575e-002  -1.146347e-002  -1.185780e-002  -1.224449e-002  -1.249508e-002  1.249678e-002  1.232890e-002  1.202787e-002  1.168149e-002  1.136457e-002  1.112864e-002  1.100387e-002  -0.000000e+000  
-9.217659e-003  -9.327048e-003  -9.525639e-003  -9.771670e-003  -1.000260e-002  -1.014557e-002  1.014498e-002  1.005059e-002  9.874351e-003  9.662929e-003  9.462433e-003  9.309127e-003  9.226728e-003  -0.000000e+000  
-7.345873e-003  -7.417037e-003  -7.544536e-003  -7.699236e-003  -7.840750e-003  -7.926228e-003  7.925302e-003  7.869285e-003  7.762509e-003  7.631347e-003  7.504253e-003  7.405442e-003  7.351780e-003  -0.000000e+000  
-3.233646e-003  -3.252324e-003  -3.285212e-003  -3.324094e-003  -3.358624e-003  -3.378959e-003  3.378590e-003  3.365371e-003  3.339654e-003  3.307238e-003  3.275014e-003  3.249428e-003  3.235342e-003  -0.000000e+000  
3.233646e-003  3.252324e-003  3.285212e-003  3.324094e-003  3.358624e-003  3.378959e-003  -3.378590e-003  -3.365371e-003  -3.339654e-003  -3.307238e-003  -3.275014e-003  -3.249428e-003  -3.235342e-003  -0.000000e+000  
7.345873e-003  7.417037e-003  7.544536e-003  7.699236e-003  7.840750e-003  7.926228e-003  -7.925302e-003  -7.869285e-003  -7.762509e-003  -7.631347e-003  -7.504253e-003  -7.405441e-003  -7.351779e-003  -0.000000e+000  
9.217659e-003  9.327048e-003  9.525639e-003  9.771670e-003  1.000260e-002  1.014557e-002  -1.014498e-002  -1.005059e-002  -9.874351e-003  -9.662929e-003  -9.462433e-003  -9.309126e-003  -9.226728e-003  -0.000000e+000  
1.098975e-002  1.115575e-002  1.146347e-002  1.185780e-002  1.224449e-002  1.249508e-002  -1.249678e-002  -1.232890e-002  -1.202787e-002  -1.168149e-002  -1.136457e-002  -1.112864e-002  -1.100387e-002  -0.000000e+000  
1.256276e-002  1.280517e-002  1.326751e-002  1.388909e-002  1.454048e-002  1.499674e-002  -1.500723e-002  -1.469325e-002  -1.417003e-002  -1.360651e-002  -1.311732e-002  -1.276642e-002  -1.258490e-002  -0.000000e+000  
1.389236e-002  1.422700e-002  1.488820e-002  1.583451e-002  1.692400e-002  1.779027e-002  -1.783062e-002  -1.720548e-002  -1.628934e-002  -1.539489e-002  -1.467148e-002  -1.417644e-002  -1.392713e-002  -0.000000e+000  
1.495197e-002  1.538537e-002  1.627884e-002  1.766435e-002  1.948745e-002  2.128241e-002  -2.142908e-002  -2.002327e-002  -1.838580e-002  -1.700351e-002  -1.598564e-002  -1.532826e-002  -1.500740e-002  -0.000000e+000  
1.566192e-002  1.617259e-002  1.727254e-002  1.914115e-002  2.207348e-002  2.622219e-002  -2.677056e-002  -2.308432e-002  -2.021408e-002  -1.822924e-002  -1.692103e-002  -1.612650e-002  -1.575053e-002  -0.000000e+000  
1.597702e-002  1.650233e-002  1.766760e-002  1.979537e-002  2.377028e-002  3.241665e-002  -3.418094e-002  -2.541426e-002  -2.116363e-002  -1.877360e-002  -1.733939e-002  -1.650551e-002  -1.611858e-002  -0.000000e+000  
1.578275e-002  1.620863e-002  1.711964e-002  1.863426e-002  2.087855e-002  2.356404e-002  -2.445135e-002  -2.197752e-002  -1.973668e-002  -1.810011e-002  -1.699698e-002  -1.632171e-002  -1.600157e-002  -0.000000e+000  
1.516170e-002  1.542879e-002  1.596681e-002  1.674198e-002  1.754467e-002  1.762060e-002  -1.819924e-002  -1.823662e-002  -1.752113e-002  -1.673043e-002  -1.609618e-002  -1.567439e-002  -1.546674e-002  -0.000000e+000  
1.265674e-002  1.246536e-002  1.204757e-002  1.133040e-002  1.019988e-002  8.508379e-003  -8.913710e-003  -1.046121e-002  -1.155272e-002  -1.229421e-002  -1.277550e-002  -1.306202e-002  -1.319528e-002  -0.000000e+000  
-0.000000e+000  -0.000000e+000  -0.000000e+000  -0.000000e+000  -0.000000e+000  -0.000000e+000  -0.000000e+000  -0.000000e+000  -0.000000e+000  -0.000000e+000  -0.000000e+000  -0.000000e+000  -0.000000e+000  -0.000000e+000  

