Port monitor named: Port1_e1[5.5].prt

nx        = 79
ny        = 67
nz        = 36

nu        = 14
nv        = 25
iu        = 12
iv        = 28

idir      = 1
dcut      = -1.573000e-002
icut      = 9
type      = 0
frequency = 5.500000e+009

fcutoff   = 0.000000e+000
alpha     = 0.000000e+000
beta      = 1.707164e+002
accuracy  = 2.062912e-011

type          = QTEM
wave imp.     = 2.577056e+002
wave imp.sig. = 9.873626e-009
line imp.     = 3.073201e+001

ref. port     = 0

-0.000000e+000  -0.000000e+000  -0.000000e+000  -0.000000e+000  -0.000000e+000  -0.000000e+000  -0.000000e+000  -0.000000e+000  -0.000000e+000  -0.000000e+000  -0.000000e+000  -0.000000e+000  -0.000000e+000  -0.000000e+000  
-1.259178e+003  -1.217867e+003  -1.123793e+003  -9.536350e+002  -6.750195e+002  -2.641730e+002  1.701621e+002  5.587100e+002  8.466679e+002  1.040216e+003  1.161410e+003  1.230692e+003  1.261943e+003  -0.000000e+000  
-1.647353e+003  -1.629471e+003  -1.580968e+003  -1.465536e+003  -1.193974e+003  -5.784149e+002  3.954918e+002  1.049131e+003  1.376453e+003  1.530620e+003  1.602766e+003  1.635941e+003  1.648989e+003  -0.000000e+000  
-2.053431e+003  -2.071744e+003  -2.105185e+003  -2.133851e+003  -2.057564e+003  -1.403581e+003  1.054820e+003  1.965334e+003  2.132167e+003  2.128039e+003  2.094962e+003  2.067442e+003  2.053050e+003  -0.000000e+000  
-2.441149e+003  -2.498845e+003  -2.634172e+003  -2.907301e+003  -3.499918e+003  -5.051066e+003  5.744555e+003  3.851908e+003  3.110944e+003  2.763214e+003  2.579894e+003  2.481796e+003  2.438318e+003  -0.000000e+000  
-2.739812e+003  -2.815848e+003  -2.991278e+003  -3.328817e+003  -3.976662e+003  -5.273442e+003  5.539005e+003  4.265535e+003  3.552402e+003  3.150514e+003  2.920332e+003  2.792901e+003  2.735696e+003  -0.000000e+000  
-2.977133e+003  -3.052668e+003  -3.217616e+003  -3.500034e+003  -3.929976e+003  -4.449504e+003  4.533020e+003  4.090524e+003  3.666887e+003  3.357424e+003  3.152818e+003  3.030221e+003  2.972967e+003  -0.000000e+000  
-3.153513e+003  -3.217354e+003  -3.349191e+003  -3.552243e+003  -3.811012e+003  -4.044574e+003  4.075692e+003  3.895681e+003  3.661415e+003  3.454166e+003  3.299141e+003  3.198881e+003  3.150080e+003  -0.000000e+000  
-3.278385e+003  -3.327177e+003  -3.423307e+003  -3.559492e+003  -3.712357e+003  -3.828005e+003  3.841549e+003  3.757810e+003  3.627544e+003  3.496030e+003  3.387917e+003  3.313467e+003  3.275911e+003  -0.000000e+000  
-3.367933e+003  -3.402020e+003  -3.466639e+003  -3.552431e+003  -3.640395e+003  -3.700068e+003  3.706506e+003  3.664841e+003  3.592964e+003  3.513555e+003  3.443480e+003  3.392740e+003  3.366371e+003  -0.000000e+000  
-3.426411e+003  -3.449030e+003  -3.490663e+003  -3.543370e+003  -3.594178e+003  -3.626462e+003  3.629784e+003  3.607689e+003  3.567298e+003  3.519984e+003  3.476084e+003  3.443081e+003  3.425530e+003  -0.000000e+000  
-3.464265e+003  -3.478701e+003  -3.504580e+003  -3.536014e+003  -3.564813e+003  -3.582238e+003  3.583980e+003  3.572217e+003  3.549821e+003  3.522342e+003  3.495739e+003  3.475069e+003  3.463847e+003  -0.000000e+000  
-3.496365e+003  -3.503027e+003  -3.514733e+003  -3.528529e+003  -3.540741e+003  -3.547915e+003  3.548660e+003  3.543858e+003  3.534502e+003  3.522678e+003  3.510888e+003  3.501503e+003  3.496326e+003  -0.000000e+000  
-3.464265e+003  -3.478701e+003  -3.504580e+003  -3.536014e+003  -3.564813e+003  -3.582238e+003  3.583980e+003  3.572217e+003  3.549821e+003  3.522342e+003  3.495739e+003  3.475069e+003  3.463847e+003  -0.000000e+000  
-3.426411e+003  -3.449030e+003  -3.490663e+003  -3.543370e+003  -3.594178e+003  -3.626462e+003  3.629784e+003  3.607689e+003  3.567298e+003  3.519984e+003  3.476084e+003  3.443081e+003  3.425530e+003  -0.000000e+000  
-3.367933e+003  -3.402020e+003  -3.466639e+003  -3.552431e+003  -3.640395e+003  -3.700068e+003  3.706506e+003  3.664841e+003  3.592964e+003  3.513555e+003  3.443480e+003  3.392740e+003  3.366371e+003  -0.000000e+000  
-3.278385e+003  -3.327177e+003  -3.423307e+003  -3.559492e+003  -3.712357e+003  -3.828005e+003  3.841549e+003  3.757810e+003  3.627544e+003  3.496030e+003  3.387917e+003  3.313467e+003  3.275911e+003  -0.000000e+000  
-3.153513e+003  -3.217354e+003  -3.349191e+003  -3.552243e+003  -3.811012e+003  -4.044574e+003  4.075692e+003  3.895681e+003  3.661415e+003  3.454166e+003  3.299141e+003  3.198881e+003  3.150080e+003  -0.000000e+000  
-2.977133e+003  -3.052668e+003  -3.217616e+003  -3.500034e+003  -3.929976e+003  -4.449504e+003  4.533020e+003  4.090524e+003  3.666887e+003  3.357424e+003  3.152818e+003  3.030221e+003  2.972967e+003  -0.000000e+000  
-2.739812e+003  -2.815848e+003  -2.991278e+003  -3.328817e+003  -3.976662e+003  -5.273442e+003  5.539005e+003  4.265535e+003  3.552402e+003  3.150514e+003  2.920332e+003  2.792901e+003  2.735696e+003  -0.000000e+000  
-2.441149e+003  -2.498845e+003  -2.634172e+003  -2.907301e+003  -3.499918e+003  -5.051066e+003  5.744555e+003  3.851908e+003  3.110944e+003  2.763214e+003  2.579894e+003  2.481796e+003  2.438318e+003  -0.000000e+000  
-2.053431e+003  -2.071744e+003  -2.105185e+003  -2.133851e+003  -2.057564e+003  -1.403581e+003  1.054820e+003  1.965334e+003  2.132167e+003  2.128039e+003  2.094962e+003  2.067442e+003  2.053050e+003  -0.000000e+000  
-1.647353e+003  -1.629471e+003  -1.580968e+003  -1.465536e+003  -1.193974e+003  -5.784149e+002  3.954918e+002  1.049131e+003  1.376453e+003  1.530620e+003  1.602766e+003  1.635941e+003  1.648989e+003  -0.000000e+000  
-1.259178e+003  -1.217867e+003  -1.123793e+003  -9.536350e+002  -6.750195e+002  -2.641730e+002  1.701621e+002  5.587100e+002  8.466679e+002  1.040216e+003  1.161410e+003  1.230692e+003  1.261943e+003  -0.000000e+000  
-0.000000e+000  -0.000000e+000  -0.000000e+000  -0.000000e+000  -0.000000e+000  -0.000000e+000  -0.000000e+000  -0.000000e+000  -0.000000e+000  -0.000000e+000  -0.000000e+000  -0.000000e+000  -0.000000e+000  -0.000000e+000  

-0.000000e+000  -2.711455e+002  -5.333927e+002  -7.753765e+002  -9.807080e+002  -1.126025e+003  -1.182844e+003  -1.150808e+003  -1.045435e+003  -8.857090e+002  -6.894511e+002  -4.703181e+002  -2.381082e+002  -0.000000e+000  
-0.000000e+000  -3.876393e+002  -7.986832e+002  -1.255249e+003  -1.766481e+003  -2.284750e+003  -2.598498e+003  -2.401419e+003  -1.972271e+003  -1.508655e+003  -1.079506e+003  -6.932899e+002  -3.386785e+002  -0.000000e+000  
-0.000000e+000  -4.055191e+002  -8.471936e+002  -1.370726e+003  -2.038203e+003  -2.900747e+003  -3.724873e+003  -3.147920e+003  -2.346066e+003  -1.684686e+003  -1.161868e+003  -7.311539e+002  -3.535678e+002  -0.000000e+000  
-0.000000e+000  -3.871729e+002  -8.136872e+002  -1.341978e+003  -2.114479e+003  -3.555212e+003  -6.568439e+003  -4.187859e+003  -2.536548e+003  -1.679907e+003  -1.124041e+003  -6.996895e+002  -3.371148e+002  -0.000000e+000  
-0.000000e+000  -3.323768e+002  -6.851680e+002  -1.082601e+003  -1.551732e+003  -2.082324e+003  -0.000000e+000  -2.136923e+003  -1.733583e+003  -1.303062e+003  -9.253617e+002  -5.933699e+002  -2.899905e+002  -0.000000e+000  
-0.000000e+000  -2.640809e+002  -5.275991e+002  -7.794363e+002  -9.698810e+002  -9.176761e+002  -0.000000e+000  -8.316959e+002  -1.002650e+003  -8.911320e+002  -6.894224e+002  -4.627484e+002  -2.313524e+002  -0.000000e+000  
-0.000000e+000  -1.962373e+002  -3.794488e+002  -5.257842e+002  -5.837375e+002  -4.510815e+002  -0.000000e+000  -3.781632e+002  -5.684396e+002  -5.739401e+002  -4.797034e+002  -3.370849e+002  -1.726670e+002  -0.000000e+000  
-0.000000e+000  -1.388987e+002  -2.610392e+002  -3.434150e+002  -3.513296e+002  -2.413149e+002  -0.000000e+000  -1.936616e+002  -3.283265e+002  -3.615154e+002  -3.208053e+002  -2.343189e+002  -1.226461e+002  -0.000000e+000  
-0.000000e+000  -9.370256e+001  -1.719952e+002  -2.172680e+002  -2.097343e+002  -1.341936e+002  -0.000000e+000  -1.051431e+002  -1.906238e+002  -2.224924e+002  -2.065185e+002  -1.556175e+002  -8.294512e+001  -0.000000e+000  
-0.000000e+000  -6.116847e+001  -1.103201e+002  -1.353848e+002  -1.257791e+002  -7.723992e+001  -0.000000e+000  -5.976099e+001  -1.123345e+002  -1.359980e+002  -1.301911e+002  -1.003503e+002  -5.422358e+001  -0.000000e+000  
-0.000000e+000  -3.957953e+001  -7.058392e+001  -8.508015e+001  -7.728575e+001  -4.642783e+001  -0.000000e+000  -3.569429e+001  -6.834013e+001  -8.446299e+001  -8.237399e+001  -6.440242e+001  -3.510683e+001  -0.000000e+000  
-0.000000e+000  -1.032271e+001  -1.813640e+001  -2.137548e+001  -1.892190e+001  -1.111513e+001  -0.000000e+000  -8.490000e+000  -1.654308e+001  -2.090842e+001  -2.084650e+001  -1.659529e+001  -9.152541e+000  -0.000000e+000  
-0.000000e+000  1.032271e+001  1.813640e+001  2.137548e+001  1.892190e+001  1.111513e+001  -0.000000e+000  8.490000e+000  1.654308e+001  2.090842e+001  2.084650e+001  1.659529e+001  9.152541e+000  -0.000000e+000  
-0.000000e+000  3.957953e+001  7.058392e+001  8.508015e+001  7.728575e+001  4.642783e+001  -0.000000e+000  3.569429e+001  6.834013e+001  8.446299e+001  8.237399e+001  6.440242e+001  3.510683e+001  -0.000000e+000  
-0.000000e+000  6.116847e+001  1.103201e+002  1.353848e+002  1.257791e+002  7.723992e+001  -0.000000e+000  5.976099e+001  1.123345e+002  1.359980e+002  1.301911e+002  1.003503e+002  5.422358e+001  -0.000000e+000  
-0.000000e+000  9.370256e+001  1.719952e+002  2.172680e+002  2.097343e+002  1.341936e+002  -0.000000e+000  1.051431e+002  1.906238e+002  2.224924e+002  2.065185e+002  1.556175e+002  8.294512e+001  -0.000000e+000  
-0.000000e+000  1.388987e+002  2.610392e+002  3.434150e+002  3.513296e+002  2.413149e+002  -0.000000e+000  1.936616e+002  3.283265e+002  3.615154e+002  3.208053e+002  2.343189e+002  1.226461e+002  -0.000000e+000  
-0.000000e+000  1.962373e+002  3.794488e+002  5.257842e+002  5.837375e+002  4.510815e+002  -0.000000e+000  3.781632e+002  5.684396e+002  5.739401e+002  4.797034e+002  3.370849e+002  1.726670e+002  -0.000000e+000  
-0.000000e+000  2.640809e+002  5.275991e+002  7.794363e+002  9.698810e+002  9.176761e+002  -0.000000e+000  8.316959e+002  1.002650e+003  8.911320e+002  6.894224e+002  4.627484e+002  2.313524e+002  -0.000000e+000  
-0.000000e+000  3.323768e+002  6.851680e+002  1.082601e+003  1.551732e+003  2.082324e+003  -0.000000e+000  2.136923e+003  1.733583e+003  1.303062e+003  9.253617e+002  5.933699e+002  2.899905e+002  -0.000000e+000  
-0.000000e+000  3.871729e+002  8.136872e+002  1.341978e+003  2.114479e+003  3.555212e+003  6.568439e+003  4.187859e+003  2.536548e+003  1.679907e+003  1.124041e+003  6.996895e+002  3.371148e+002  -0.000000e+000  
-0.000000e+000  4.055191e+002  8.471936e+002  1.370726e+003  2.038203e+003  2.900747e+003  3.724873e+003  3.147920e+003  2.346066e+003  1.684686e+003  1.161868e+003  7.311539e+002  3.535678e+002  -0.000000e+000  
-0.000000e+000  3.876393e+002  7.986832e+002  1.255249e+003  1.766481e+003  2.284750e+003  2.598498e+003  2.401419e+003  1.972271e+003  1.508655e+003  1.079506e+003  6.932899e+002  3.386785e+002  -0.000000e+000  
-0.000000e+000  2.711455e+002  5.333927e+002  7.753765e+002  9.807080e+002  1.126025e+003  1.182844e+003  1.150808e+003  1.045435e+003  8.857090e+002  6.894511e+002  4.703181e+002  2.381082e+002  -0.000000e+000  
-0.000000e+000  -0.000000e+000  -0.000000e+000  -0.000000e+000  -0.000000e+000  -0.000000e+000  -0.000000e+000  -0.000000e+000  -0.000000e+000  -0.000000e+000  -0.000000e+000  -0.000000e+000  -0.000000e+000  -0.000000e+000  

0.000000e+000  0.000000e+000  0.000000e+000  0.000000e+000  0.000000e+000  0.000000e+000  0.000000e+000  0.000000e+000  0.000000e+000  0.000000e+000  0.000000e+000  0.000000e+000  0.000000e+000  0.000000e+000  
0.000000e+000  0.000000e+000  0.000000e+000  0.000000e+000  0.000000e+000  0.000000e+000  0.000000e+000  0.000000e+000  0.000000e+000  0.000000e+000  0.000000e+000  0.000000e+000  0.000000e+000  0.000000e+000  
0.000000e+000  0.000000e+000  0.000000e+000  0.000000e+000  0.000000e+000  0.000000e+000  0.000000e+000  0.000000e+000  0.000000e+000  0.000000e+000  0.000000e+000  0.000000e+000  0.000000e+000  0.000000e+000  
0.000000e+000  0.000000e+000  0.000000e+000  0.000000e+000  0.000000e+000  0.000000e+000  0.000000e+000  0.000000e+000  0.000000e+000  0.000000e+000  0.000000e+000  0.000000e+000  0.000000e+000  0.000000e+000  
0.000000e+000  0.000000e+000  0.000000e+000  0.000000e+000  0.000000e+000  0.000000e+000  0.000000e+000  0.000000e+000  0.000000e+000  0.000000e+000  0.000000e+000  0.000000e+000  0.000000e+000  0.000000e+000  
0.000000e+000  0.000000e+000  0.000000e+000  0.000000e+000  0.000000e+000  0.000000e+000  0.000000e+000  0.000000e+000  0.000000e+000  0.000000e+000  0.000000e+000  0.000000e+000  0.000000e+000  0.000000e+000  
0.000000e+000  0.000000e+000  0.000000e+000  0.000000e+000  0.000000e+000  0.000000e+000  0.000000e+000  0.000000e+000  0.000000e+000  0.000000e+000  0.000000e+000  0.000000e+000  0.000000e+000  0.000000e+000  
0.000000e+000  0.000000e+000  0.000000e+000  0.000000e+000  0.000000e+000  0.000000e+000  0.000000e+000  0.000000e+000  0.000000e+000  0.000000e+000  0.000000e+000  0.000000e+000  0.000000e+000  0.000000e+000  
0.000000e+000  0.000000e+000  0.000000e+000  0.000000e+000  0.000000e+000  0.000000e+000  0.000000e+000  0.000000e+000  0.000000e+000  0.000000e+000  0.000000e+000  0.000000e+000  0.000000e+000  0.000000e+000  
0.000000e+000  0.000000e+000  0.000000e+000  0.000000e+000  0.000000e+000  0.000000e+000  0.000000e+000  0.000000e+000  0.000000e+000  0.000000e+000  0.000000e+000  0.000000e+000  0.000000e+000  0.000000e+000  
0.000000e+000  0.000000e+000  0.000000e+000  0.000000e+000  0.000000e+000  0.000000e+000  0.000000e+000  0.000000e+000  0.000000e+000  0.000000e+000  0.000000e+000  0.000000e+000  0.000000e+000  0.000000e+000  
0.000000e+000  0.000000e+000  0.000000e+000  0.000000e+000  0.000000e+000  0.000000e+000  0.000000e+000  0.000000e+000  0.000000e+000  0.000000e+000  0.000000e+000  0.000000e+000  0.000000e+000  0.000000e+000  
0.000000e+000  0.000000e+000  0.000000e+000  0.000000e+000  0.000000e+000  0.000000e+000  0.000000e+000  0.000000e+000  0.000000e+000  0.000000e+000  0.000000e+000  0.000000e+000  0.000000e+000  0.000000e+000  
0.000000e+000  0.000000e+000  0.000000e+000  0.000000e+000  0.000000e+000  0.000000e+000  0.000000e+000  0.000000e+000  0.000000e+000  0.000000e+000  0.000000e+000  0.000000e+000  0.000000e+000  0.000000e+000  
0.000000e+000  0.000000e+000  0.000000e+000  0.000000e+000  0.000000e+000  0.000000e+000  0.000000e+000  0.000000e+000  0.000000e+000  0.000000e+000  0.000000e+000  0.000000e+000  0.000000e+000  0.000000e+000  
0.000000e+000  0.000000e+000  0.000000e+000  0.000000e+000  0.000000e+000  0.000000e+000  0.000000e+000  0.000000e+000  0.000000e+000  0.000000e+000  0.000000e+000  0.000000e+000  0.000000e+000  0.000000e+000  
0.000000e+000  0.000000e+000  0.000000e+000  0.000000e+000  0.000000e+000  0.000000e+000  0.000000e+000  0.000000e+000  0.000000e+000  0.000000e+000  0.000000e+000  0.000000e+000  0.000000e+000  0.000000e+000  
0.000000e+000  0.000000e+000  0.000000e+000  0.000000e+000  0.000000e+000  0.000000e+000  0.000000e+000  0.000000e+000  0.000000e+000  0.000000e+000  0.000000e+000  0.000000e+000  0.000000e+000  0.000000e+000  
0.000000e+000  0.000000e+000  0.000000e+000  0.000000e+000  0.000000e+000  0.000000e+000  0.000000e+000  0.000000e+000  0.000000e+000  0.000000e+000  0.000000e+000  0.000000e+000  0.000000e+000  0.000000e+000  
0.000000e+000  0.000000e+000  0.000000e+000  0.000000e+000  0.000000e+000  0.000000e+000  0.000000e+000  0.000000e+000  0.000000e+000  0.000000e+000  0.000000e+000  0.000000e+000  0.000000e+000  0.000000e+000  
0.000000e+000  0.000000e+000  0.000000e+000  0.000000e+000  0.000000e+000  0.000000e+000  0.000000e+000  0.000000e+000  0.000000e+000  0.000000e+000  0.000000e+000  0.000000e+000  0.000000e+000  0.000000e+000  
0.000000e+000  0.000000e+000  0.000000e+000  0.000000e+000  0.000000e+000  0.000000e+000  0.000000e+000  0.000000e+000  0.000000e+000  0.000000e+000  0.000000e+000  0.000000e+000  0.000000e+000  0.000000e+000  
0.000000e+000  0.000000e+000  0.000000e+000  0.000000e+000  0.000000e+000  0.000000e+000  0.000000e+000  0.000000e+000  0.000000e+000  0.000000e+000  0.000000e+000  0.000000e+000  0.000000e+000  0.000000e+000  
0.000000e+000  0.000000e+000  0.000000e+000  0.000000e+000  0.000000e+000  0.000000e+000  0.000000e+000  0.000000e+000  0.000000e+000  0.000000e+000  0.000000e+000  0.000000e+000  0.000000e+000  0.000000e+000  
0.000000e+000  0.000000e+000  0.000000e+000  0.000000e+000  0.000000e+000  0.000000e+000  0.000000e+000  0.000000e+000  0.000000e+000  0.000000e+000  0.000000e+000  0.000000e+000  0.000000e+000  0.000000e+000  

0.000000e+000  0.000000e+000  0.000000e+000  0.000000e+000  0.000000e+000  0.000000e+000  0.000000e+000  0.000000e+000  0.000000e+000  0.000000e+000  0.000000e+000  0.000000e+000  0.000000e+000  0.000000e+000  
0.000000e+000  0.000000e+000  0.000000e+000  0.000000e+000  0.000000e+000  0.000000e+000  0.000000e+000  0.000000e+000  0.000000e+000  0.000000e+000  0.000000e+000  0.000000e+000  0.000000e+000  0.000000e+000  
0.000000e+000  0.000000e+000  0.000000e+000  0.000000e+000  0.000000e+000  0.000000e+000  0.000000e+000  0.000000e+000  0.000000e+000  0.000000e+000  0.000000e+000  0.000000e+000  0.000000e+000  0.000000e+000  
0.000000e+000  0.000000e+000  0.000000e+000  0.000000e+000  0.000000e+000  0.000000e+000  0.000000e+000  0.000000e+000  0.000000e+000  0.000000e+000  0.000000e+000  0.000000e+000  0.000000e+000  0.000000e+000  
0.000000e+000  0.000000e+000  0.000000e+000  0.000000e+000  0.000000e+000  0.000000e+000  0.000000e+000  0.000000e+000  0.000000e+000  0.000000e+000  0.000000e+000  0.000000e+000  0.000000e+000  0.000000e+000  
0.000000e+000  0.000000e+000  0.000000e+000  0.000000e+000  0.000000e+000  0.000000e+000  0.000000e+000  0.000000e+000  0.000000e+000  0.000000e+000  0.000000e+000  0.000000e+000  0.000000e+000  0.000000e+000  
0.000000e+000  0.000000e+000  0.000000e+000  0.000000e+000  0.000000e+000  0.000000e+000  0.000000e+000  0.000000e+000  0.000000e+000  0.000000e+000  0.000000e+000  0.000000e+000  0.000000e+000  0.000000e+000  
0.000000e+000  0.000000e+000  0.000000e+000  0.000000e+000  0.000000e+000  0.000000e+000  0.000000e+000  0.000000e+000  0.000000e+000  0.000000e+000  0.000000e+000  0.000000e+000  0.000000e+000  0.000000e+000  
0.000000e+000  0.000000e+000  0.000000e+000  0.000000e+000  0.000000e+000  0.000000e+000  0.000000e+000  0.000000e+000  0.000000e+000  0.000000e+000  0.000000e+000  0.000000e+000  0.000000e+000  0.000000e+000  
0.000000e+000  0.000000e+000  0.000000e+000  0.000000e+000  0.000000e+000  0.000000e+000  0.000000e+000  0.000000e+000  0.000000e+000  0.000000e+000  0.000000e+000  0.000000e+000  0.000000e+000  0.000000e+000  
0.000000e+000  0.000000e+000  0.000000e+000  0.000000e+000  0.000000e+000  0.000000e+000  0.000000e+000  0.000000e+000  0.000000e+000  0.000000e+000  0.000000e+000  0.000000e+000  0.000000e+000  0.000000e+000  
0.000000e+000  0.000000e+000  0.000000e+000  0.000000e+000  0.000000e+000  0.000000e+000  0.000000e+000  0.000000e+000  0.000000e+000  0.000000e+000  0.000000e+000  0.000000e+000  0.000000e+000  0.000000e+000  
0.000000e+000  0.000000e+000  0.000000e+000  0.000000e+000  0.000000e+000  0.000000e+000  0.000000e+000  0.000000e+000  0.000000e+000  0.000000e+000  0.000000e+000  0.000000e+000  0.000000e+000  0.000000e+000  
0.000000e+000  0.000000e+000  0.000000e+000  0.000000e+000  0.000000e+000  0.000000e+000  0.000000e+000  0.000000e+000  0.000000e+000  0.000000e+000  0.000000e+000  0.000000e+000  0.000000e+000  0.000000e+000  
0.000000e+000  0.000000e+000  0.000000e+000  0.000000e+000  0.000000e+000  0.000000e+000  0.000000e+000  0.000000e+000  0.000000e+000  0.000000e+000  0.000000e+000  0.000000e+000  0.000000e+000  0.000000e+000  
0.000000e+000  0.000000e+000  0.000000e+000  0.000000e+000  0.000000e+000  0.000000e+000  0.000000e+000  0.000000e+000  0.000000e+000  0.000000e+000  0.000000e+000  0.000000e+000  0.000000e+000  0.000000e+000  
0.000000e+000  0.000000e+000  0.000000e+000  0.000000e+000  0.000000e+000  0.000000e+000  0.000000e+000  0.000000e+000  0.000000e+000  0.000000e+000  0.000000e+000  0.000000e+000  0.000000e+000  0.000000e+000  
0.000000e+000  0.000000e+000  0.000000e+000  0.000000e+000  0.000000e+000  0.000000e+000  0.000000e+000  0.000000e+000  0.000000e+000  0.000000e+000  0.000000e+000  0.000000e+000  0.000000e+000  0.000000e+000  
0.000000e+000  0.000000e+000  0.000000e+000  0.000000e+000  0.000000e+000  0.000000e+000  0.000000e+000  0.000000e+000  0.000000e+000  0.000000e+000  0.000000e+000  0.000000e+000  0.000000e+000  0.000000e+000  
0.000000e+000  0.000000e+000  0.000000e+000  0.000000e+000  0.000000e+000  0.000000e+000  0.000000e+000  0.000000e+000  0.000000e+000  0.000000e+000  0.000000e+000  0.000000e+000  0.000000e+000  0.000000e+000  
0.000000e+000  0.000000e+000  0.000000e+000  0.000000e+000  0.000000e+000  0.000000e+000  0.000000e+000  0.000000e+000  0.000000e+000  0.000000e+000  0.000000e+000  0.000000e+000  0.000000e+000  0.000000e+000  
0.000000e+000  0.000000e+000  0.000000e+000  0.000000e+000  0.000000e+000  0.000000e+000  0.000000e+000  0.000000e+000  0.000000e+000  0.000000e+000  0.000000e+000  0.000000e+000  0.000000e+000  0.000000e+000  
0.000000e+000  0.000000e+000  0.000000e+000  0.000000e+000  0.000000e+000  0.000000e+000  0.000000e+000  0.000000e+000  0.000000e+000  0.000000e+000  0.000000e+000  0.000000e+000  0.000000e+000  0.000000e+000  
0.000000e+000  0.000000e+000  0.000000e+000  0.000000e+000  0.000000e+000  0.000000e+000  0.000000e+000  0.000000e+000  0.000000e+000  0.000000e+000  0.000000e+000  0.000000e+000  0.000000e+000  0.000000e+000  
0.000000e+000  0.000000e+000  0.000000e+000  0.000000e+000  0.000000e+000  0.000000e+000  0.000000e+000  0.000000e+000  0.000000e+000  0.000000e+000  0.000000e+000  0.000000e+000  0.000000e+000  0.000000e+000  

0.000000e+000  0.000000e+000  0.000000e+000  0.000000e+000  0.000000e+000  0.000000e+000  0.000000e+000  0.000000e+000  0.000000e+000  0.000000e+000  0.000000e+000  0.000000e+000  0.000000e+000  0.000000e+000  
0.000000e+000  0.000000e+000  0.000000e+000  0.000000e+000  0.000000e+000  0.000000e+000  0.000000e+000  0.000000e+000  0.000000e+000  0.000000e+000  0.000000e+000  0.000000e+000  0.000000e+000  0.000000e+000  
0.000000e+000  0.000000e+000  0.000000e+000  0.000000e+000  0.000000e+000  0.000000e+000  0.000000e+000  0.000000e+000  0.000000e+000  0.000000e+000  0.000000e+000  0.000000e+000  0.000000e+000  0.000000e+000  
0.000000e+000  0.000000e+000  0.000000e+000  0.000000e+000  0.000000e+000  0.000000e+000  0.000000e+000  0.000000e+000  0.000000e+000  0.000000e+000  0.000000e+000  0.000000e+000  0.000000e+000  0.000000e+000  
0.000000e+000  0.000000e+000  0.000000e+000  0.000000e+000  0.000000e+000  0.000000e+000  0.000000e+000  0.000000e+000  0.000000e+000  0.000000e+000  0.000000e+000  0.000000e+000  0.000000e+000  0.000000e+000  
0.000000e+000  0.000000e+000  0.000000e+000  0.000000e+000  0.000000e+000  0.000000e+000  0.000000e+000  0.000000e+000  0.000000e+000  0.000000e+000  0.000000e+000  0.000000e+000  0.000000e+000  0.000000e+000  
0.000000e+000  0.000000e+000  0.000000e+000  0.000000e+000  0.000000e+000  0.000000e+000  0.000000e+000  0.000000e+000  0.000000e+000  0.000000e+000  0.000000e+000  0.000000e+000  0.000000e+000  0.000000e+000  
0.000000e+000  0.000000e+000  0.000000e+000  0.000000e+000  0.000000e+000  0.000000e+000  0.000000e+000  0.000000e+000  0.000000e+000  0.000000e+000  0.000000e+000  0.000000e+000  0.000000e+000  0.000000e+000  
0.000000e+000  0.000000e+000  0.000000e+000  0.000000e+000  0.000000e+000  0.000000e+000  0.000000e+000  0.000000e+000  0.000000e+000  0.000000e+000  0.000000e+000  0.000000e+000  0.000000e+000  0.000000e+000  
0.000000e+000  0.000000e+000  0.000000e+000  0.000000e+000  0.000000e+000  0.000000e+000  0.000000e+000  0.000000e+000  0.000000e+000  0.000000e+000  0.000000e+000  0.000000e+000  0.000000e+000  0.000000e+000  
0.000000e+000  0.000000e+000  0.000000e+000  0.000000e+000  0.000000e+000  0.000000e+000  0.000000e+000  0.000000e+000  0.000000e+000  0.000000e+000  0.000000e+000  0.000000e+000  0.000000e+000  0.000000e+000  
0.000000e+000  0.000000e+000  0.000000e+000  0.000000e+000  0.000000e+000  0.000000e+000  0.000000e+000  0.000000e+000  0.000000e+000  0.000000e+000  0.000000e+000  0.000000e+000  0.000000e+000  0.000000e+000  
0.000000e+000  0.000000e+000  0.000000e+000  0.000000e+000  0.000000e+000  0.000000e+000  0.000000e+000  0.000000e+000  0.000000e+000  0.000000e+000  0.000000e+000  0.000000e+000  0.000000e+000  0.000000e+000  
0.000000e+000  0.000000e+000  0.000000e+000  0.000000e+000  0.000000e+000  0.000000e+000  0.000000e+000  0.000000e+000  0.000000e+000  0.000000e+000  0.000000e+000  0.000000e+000  0.000000e+000  0.000000e+000  
0.000000e+000  0.000000e+000  0.000000e+000  0.000000e+000  0.000000e+000  0.000000e+000  0.000000e+000  0.000000e+000  0.000000e+000  0.000000e+000  0.000000e+000  0.000000e+000  0.000000e+000  0.000000e+000  
0.000000e+000  0.000000e+000  0.000000e+000  0.000000e+000  0.000000e+000  0.000000e+000  0.000000e+000  0.000000e+000  0.000000e+000  0.000000e+000  0.000000e+000  0.000000e+000  0.000000e+000  0.000000e+000  
0.000000e+000  0.000000e+000  0.000000e+000  0.000000e+000  0.000000e+000  0.000000e+000  0.000000e+000  0.000000e+000  0.000000e+000  0.000000e+000  0.000000e+000  0.000000e+000  0.000000e+000  0.000000e+000  
0.000000e+000  0.000000e+000  0.000000e+000  0.000000e+000  0.000000e+000  0.000000e+000  0.000000e+000  0.000000e+000  0.000000e+000  0.000000e+000  0.000000e+000  0.000000e+000  0.000000e+000  0.000000e+000  
0.000000e+000  0.000000e+000  0.000000e+000  0.000000e+000  0.000000e+000  0.000000e+000  0.000000e+000  0.000000e+000  0.000000e+000  0.000000e+000  0.000000e+000  0.000000e+000  0.000000e+000  0.000000e+000  
0.000000e+000  0.000000e+000  0.000000e+000  0.000000e+000  0.000000e+000  0.000000e+000  0.000000e+000  0.000000e+000  0.000000e+000  0.000000e+000  0.000000e+000  0.000000e+000  0.000000e+000  0.000000e+000  
0.000000e+000  0.000000e+000  0.000000e+000  0.000000e+000  0.000000e+000  0.000000e+000  0.000000e+000  0.000000e+000  0.000000e+000  0.000000e+000  0.000000e+000  0.000000e+000  0.000000e+000  0.000000e+000  
0.000000e+000  0.000000e+000  0.000000e+000  0.000000e+000  0.000000e+000  0.000000e+000  0.000000e+000  0.000000e+000  0.000000e+000  0.000000e+000  0.000000e+000  0.000000e+000  0.000000e+000  0.000000e+000  
0.000000e+000  0.000000e+000  0.000000e+000  0.000000e+000  0.000000e+000  0.000000e+000  0.000000e+000  0.000000e+000  0.000000e+000  0.000000e+000  0.000000e+000  0.000000e+000  0.000000e+000  0.000000e+000  
0.000000e+000  0.000000e+000  0.000000e+000  0.000000e+000  0.000000e+000  0.000000e+000  0.000000e+000  0.000000e+000  0.000000e+000  0.000000e+000  0.000000e+000  0.000000e+000  0.000000e+000  0.000000e+000  
0.000000e+000  0.000000e+000  0.000000e+000  0.000000e+000  0.000000e+000  0.000000e+000  0.000000e+000  0.000000e+000  0.000000e+000  0.000000e+000  0.000000e+000  0.000000e+000  0.000000e+000  0.000000e+000  

-0.000000e+000  -0.000000e+000  -0.000000e+000  -0.000000e+000  -0.000000e+000  -0.000000e+000  -0.000000e+000  -0.000000e+000  -0.000000e+000  -0.000000e+000  -0.000000e+000  -0.000000e+000  -0.000000e+000  -0.000000e+000  
-0.000000e+000  -4.199023e-001  -8.747771e-001  -1.401337e+000  -2.036234e+000  -2.802506e+000  -3.664830e+000  -2.908220e+000  -2.218457e+000  -1.632580e+000  -1.141623e+000  -7.224394e-001  -3.498622e-001  -0.000000e+000  
-0.000000e+000  -4.116904e-001  -8.609813e-001  -1.397586e+000  -2.104328e+000  -3.135587e+000  -4.735177e+000  -3.289496e+000  -2.314774e+000  -1.635531e+000  -1.123839e+000  -7.068176e-001  -3.417655e-001  -0.000000e+000  
-0.000000e+000  -3.658049e-001  -7.597016e-001  -1.223371e+000  -1.847282e+000  -2.899252e+000  -5.365335e+000  -3.056228e+000  -2.025522e+000  -1.419847e+000  -9.825163e-001  -6.233798e-001  -3.032811e-001  -0.000000e+000  
-0.000000e+000  -2.917726e-001  -5.885129e-001  -8.886057e-001  -1.161361e+000  -1.246132e+000  -0.000000e+000  -1.154837e+000  -1.181661e+000  -9.844902e-001  -7.391561e-001  -4.889998e-001  -2.428504e-001  -0.000000e+000  
-0.000000e+000  -2.211080e-001  -4.320498e-001  -6.115413e-001  -7.062109e-001  -5.865294e-001  -0.000000e+000  -4.895094e-001  -6.732604e-001  -6.473452e-001  -5.261476e-001  -3.639713e-001  -1.849620e-001  -0.000000e+000  
-0.000000e+000  -1.586421e-001  -3.009507e-001  -4.028876e-001  -4.239443e-001  -3.034651e-001  -0.000000e+000  -2.380933e-001  -3.851045e-001  -4.102881e-001  -3.561829e-001  -2.566235e-001  -1.333257e-001  -0.000000e+000  
-0.000000e+000  -1.093492e-001  -2.024124e-001  -2.594662e-001  -2.558332e-001  -1.679884e-001  -0.000000e+000  -1.274420e-001  -2.249225e-001  -2.565191e-001  -2.339648e-001  -1.742106e-001  -9.222266e-002  -0.000000e+000  
-0.000000e+000  -7.319155e-002  -1.329165e-001  -1.649913e-001  -1.556423e-001  -9.715161e-002  -0.000000e+000  -7.238433e-002  -1.339487e-001  -1.596325e-001  -1.508225e-001  -1.151530e-001  -6.187030e-002  -0.000000e+000  
-0.000000e+000  -4.667121e-002  -8.350573e-002  -1.012116e-001  -9.261073e-002  -5.604960e-002  -0.000000e+000  -4.133550e-002  -7.858093e-002  -9.638569e-002  -9.339204e-002  -7.267091e-002  -3.950250e-002  -0.000000e+000  
-0.000000e+000  -2.911034e-002  -5.151789e-002  -6.139258e-002  -5.504638e-002  -3.269832e-002  -0.000000e+000  -2.397095e-002  -4.627494e-002  -5.781073e-002  -5.699037e-002  -4.495475e-002  -2.464810e-002  -0.000000e+000  
-0.000000e+000  -1.765450e-002  -3.094531e-002  -3.634816e-002  -3.205691e-002  -1.877450e-002  -0.000000e+000  -1.370042e-002  -2.674269e-002  -3.389316e-002  -3.389289e-002  -2.704988e-002  -1.494381e-002  -0.000000e+000  
-0.000000e+000  -7.861016e-003  -1.368203e-002  -1.590705e-002  -1.387413e-002  -8.053655e-003  -0.000000e+000  -5.863092e-003  -1.150881e-002  -1.471802e-002  -1.486033e-002  -1.195856e-002  -6.643088e-003  -0.000000e+000  
-0.000000e+000  -1.765451e-002  -3.094531e-002  -3.634818e-002  -3.205693e-002  -1.877451e-002  -0.000000e+000  -1.370042e-002  -2.674266e-002  -3.389318e-002  -3.389288e-002  -2.704988e-002  -1.494381e-002  -0.000000e+000  
-0.000000e+000  -2.911031e-002  -5.151789e-002  -6.139260e-002  -5.504637e-002  -3.269836e-002  -0.000000e+000  -2.397092e-002  -4.627492e-002  -5.781072e-002  -5.699040e-002  -4.495475e-002  -2.464815e-002  -0.000000e+000  
-0.000000e+000  -4.667120e-002  -8.350573e-002  -1.012116e-001  -9.261074e-002  -5.604959e-002  -0.000000e+000  -4.133549e-002  -7.858097e-002  -9.638566e-002  -9.339205e-002  -7.267102e-002  -3.950243e-002  -0.000000e+000  
-0.000000e+000  -7.319154e-002  -1.329165e-001  -1.649913e-001  -1.556423e-001  -9.715159e-002  -0.000000e+000  -7.238433e-002  -1.339486e-001  -1.596326e-001  -1.508226e-001  -1.151530e-001  -6.187038e-002  -0.000000e+000  
-0.000000e+000  -1.093493e-001  -2.024123e-001  -2.594663e-001  -2.558331e-001  -1.679884e-001  -0.000000e+000  -1.274420e-001  -2.249226e-001  -2.565191e-001  -2.339648e-001  -1.742107e-001  -9.222266e-002  -0.000000e+000  
-0.000000e+000  -1.586421e-001  -3.009508e-001  -4.028876e-001  -4.239444e-001  -3.034651e-001  -0.000000e+000  -2.380934e-001  -3.851045e-001  -4.102881e-001  -3.561830e-001  -2.566235e-001  -1.333257e-001  -0.000000e+000  
-0.000000e+000  -2.211081e-001  -4.320498e-001  -6.115413e-001  -7.062109e-001  -5.865294e-001  -0.000000e+000  -4.895094e-001  -6.732605e-001  -6.473452e-001  -5.261476e-001  -3.639713e-001  -1.849620e-001  -0.000000e+000  
-0.000000e+000  -2.917725e-001  -5.885129e-001  -8.886056e-001  -1.161361e+000  -1.246132e+000  -0.000000e+000  -1.154837e+000  -1.181661e+000  -9.844903e-001  -7.391561e-001  -4.889998e-001  -2.428504e-001  -0.000000e+000  
-0.000000e+000  -3.658049e-001  -7.597015e-001  -1.223371e+000  -1.847282e+000  -2.899252e+000  -5.365335e+000  -3.056228e+000  -2.025522e+000  -1.419847e+000  -9.825162e-001  -6.233798e-001  -3.032811e-001  -0.000000e+000  
-0.000000e+000  -4.116904e-001  -8.609813e-001  -1.397586e+000  -2.104328e+000  -3.135587e+000  -4.735177e+000  -3.289496e+000  -2.314774e+000  -1.635531e+000  -1.123839e+000  -7.068176e-001  -3.417654e-001  -0.000000e+000  
-0.000000e+000  -4.199023e-001  -8.747771e-001  -1.401337e+000  -2.036234e+000  -2.802506e+000  -3.664830e+000  -2.908220e+000  -2.218457e+000  -1.632580e+000  -1.141623e+000  -7.224394e-001  -3.498622e-001  -0.000000e+000  
-0.000000e+000  -0.000000e+000  -0.000000e+000  -0.000000e+000  -0.000000e+000  -0.000000e+000  -0.000000e+000  -0.000000e+000  -0.000000e+000  -0.000000e+000  -0.000000e+000  -0.000000e+000  -0.000000e+000  -0.000000e+000  

